mode: set
github.com/276793422/NemesisBot/module/bus/bus.go:19.34,24.2 1 1
github.com/276793422/NemesisBot/module/bus/bus.go:26.58,29.15 3 1
github.com/276793422/NemesisBot/module/bus/bus.go:29.15,31.3 1 1
github.com/276793422/NemesisBot/module/bus/bus.go:32.2,32.19 1 1
github.com/276793422/NemesisBot/module/bus/bus.go:35.82,36.9 1 1
github.com/276793422/NemesisBot/module/bus/bus.go:37.27,38.19 1 1
github.com/276793422/NemesisBot/module/bus/bus.go:39.20,40.33 1 1
github.com/276793422/NemesisBot/module/bus/bus.go:44.60,46.15 2 1
github.com/276793422/NemesisBot/module/bus/bus.go:46.15,49.3 2 0
github.com/276793422/NemesisBot/module/bus/bus.go:50.2,52.20 2 1
github.com/276793422/NemesisBot/module/bus/bus.go:55.86,56.9 1 1
github.com/276793422/NemesisBot/module/bus/bus.go:57.28,58.19 1 1
github.com/276793422/NemesisBot/module/bus/bus.go:59.20,60.34 1 1
github.com/276793422/NemesisBot/module/bus/bus.go:64.31,67.15 3 1
github.com/276793422/NemesisBot/module/bus/bus.go:67.15,69.3 1 1
github.com/276793422/NemesisBot/module/bus/bus.go:70.2,72.20 3 1
github.com/276793422/NemesisBot/module/bus/bus.go:76.64,78.2 1 1
github.com/276793422/NemesisBot/module/auth/oauth.go:33.46,41.2 1 1
github.com/276793422/NemesisBot/module/auth/oauth.go:43.38,45.42 2 1
github.com/276793422/NemesisBot/module/auth/oauth.go:45.42,47.3 1 0
github.com/276793422/NemesisBot/module/auth/oauth.go:48.2,48.37 1 1
github.com/276793422/NemesisBot/module/auth/oauth.go:51.69,53.16 2 0
github.com/276793422/NemesisBot/module/auth/oauth.go:53.16,55.3 1 0
github.com/276793422/NemesisBot/module/auth/oauth.go:57.2,58.16 2 0
github.com/276793422/NemesisBot/module/auth/oauth.go:58.16,60.3 1 0
github.com/276793422/NemesisBot/module/auth/oauth.go:62.2,69.80 5 0
github.com/276793422/NemesisBot/module/auth/oauth.go:69.80,70.42 1 0
github.com/276793422/NemesisBot/module/auth/oauth.go:70.42,74.4 3 0
github.com/276793422/NemesisBot/module/auth/oauth.go:76.3,77.17 2 0
github.com/276793422/NemesisBot/module/auth/oauth.go:77.17,82.4 4 0
github.com/276793422/NemesisBot/module/auth/oauth.go:84.3,86.41 3 0
github.com/276793422/NemesisBot/module/auth/oauth.go:89.2,90.16 2 0
github.com/276793422/NemesisBot/module/auth/oauth.go:90.16,92.3 1 0
github.com/276793422/NemesisBot/module/auth/oauth.go:94.2,96.15 3 0
github.com/276793422/NemesisBot/module/auth/oauth.go:96.15,100.3 3 0
github.com/276793422/NemesisBot/module/auth/oauth.go:102.2,104.45 2 0
github.com/276793422/NemesisBot/module/auth/oauth.go:104.45,106.3 1 0
github.com/276793422/NemesisBot/module/auth/oauth.go:108.2,111.9 3 0
github.com/276793422/NemesisBot/module/auth/oauth.go:112.28,113.24 1 0
github.com/276793422/NemesisBot/module/auth/oauth.go:113.24,115.4 1 0
github.com/276793422/NemesisBot/module/auth/oauth.go:116.3,116.81 1 0
github.com/276793422/NemesisBot/module/auth/oauth.go:117.37,118.69 1 0
github.com/276793422/NemesisBot/module/auth/oauth.go:133.71,140.51 2 1
github.com/276793422/NemesisBot/module/auth/oauth.go:140.51,142.3 1 1
github.com/276793422/NemesisBot/module/auth/oauth.go:144.2,145.16 2 1
github.com/276793422/NemesisBot/module/auth/oauth.go:145.16,147.3 1 1
github.com/276793422/NemesisBot/module/auth/oauth.go:149.2,153.8 1 1
github.com/276793422/NemesisBot/module/auth/oauth.go:156.57,157.44 1 1
github.com/276793422/NemesisBot/module/auth/oauth.go:157.44,159.3 1 1
github.com/276793422/NemesisBot/module/auth/oauth.go:161.2,162.55 2 1
github.com/276793422/NemesisBot/module/auth/oauth.go:162.55,164.3 1 1
github.com/276793422/NemesisBot/module/auth/oauth.go:166.2,167.58 2 1
github.com/276793422/NemesisBot/module/auth/oauth.go:167.58,169.24 2 1
github.com/276793422/NemesisBot/module/auth/oauth.go:169.24,171.4 1 1
github.com/276793422/NemesisBot/module/auth/oauth.go:172.3,172.35 1 1
github.com/276793422/NemesisBot/module/auth/oauth.go:175.2,175.64 1 1
github.com/276793422/NemesisBot/module/auth/oauth.go:178.72,188.16 3 0
github.com/276793422/NemesisBot/module/auth/oauth.go:188.16,190.3 1 0
github.com/276793422/NemesisBot/module/auth/oauth.go:191.2,194.38 3 0
github.com/276793422/NemesisBot/module/auth/oauth.go:194.38,196.3 1 0
github.com/276793422/NemesisBot/module/auth/oauth.go:198.2,199.16 2 0
github.com/276793422/NemesisBot/module/auth/oauth.go:199.16,201.3 1 0
github.com/276793422/NemesisBot/module/auth/oauth.go:203.2,203.29 1 0
github.com/276793422/NemesisBot/module/auth/oauth.go:203.29,205.3 1 0
github.com/276793422/NemesisBot/module/auth/oauth.go:207.2,214.6 5 0
github.com/276793422/NemesisBot/module/auth/oauth.go:214.6,215.10 1 0
github.com/276793422/NemesisBot/module/auth/oauth.go:216.19,217.83 1 0
github.com/276793422/NemesisBot/module/auth/oauth.go:218.19,220.18 2 0
github.com/276793422/NemesisBot/module/auth/oauth.go:220.18,221.13 1 0
github.com/276793422/NemesisBot/module/auth/oauth.go:223.4,223.19 1 0
github.com/276793422/NemesisBot/module/auth/oauth.go:223.19,225.5 1 0
github.com/276793422/NemesisBot/module/auth/oauth.go:230.102,241.16 3 0
github.com/276793422/NemesisBot/module/auth/oauth.go:241.16,243.3 1 0
github.com/276793422/NemesisBot/module/auth/oauth.go:244.2,246.38 2 0
github.com/276793422/NemesisBot/module/auth/oauth.go:246.38,248.3 1 0
github.com/276793422/NemesisBot/module/auth/oauth.go:250.2,257.57 3 0
github.com/276793422/NemesisBot/module/auth/oauth.go:257.57,259.3 1 0
github.com/276793422/NemesisBot/module/auth/oauth.go:261.2,262.101 2 0
github.com/276793422/NemesisBot/module/auth/oauth.go:265.97,266.29 1 1
github.com/276793422/NemesisBot/module/auth/oauth.go:266.29,268.3 1 1
github.com/276793422/NemesisBot/module/auth/oauth.go:270.2,278.16 3 1
github.com/276793422/NemesisBot/module/auth/oauth.go:278.16,280.3 1 1
github.com/276793422/NemesisBot/module/auth/oauth.go:281.2,284.38 3 1
github.com/276793422/NemesisBot/module/auth/oauth.go:284.38,286.3 1 1
github.com/276793422/NemesisBot/module/auth/oauth.go:288.2,289.16 2 0
github.com/276793422/NemesisBot/module/auth/oauth.go:289.16,291.3 1 0
github.com/276793422/NemesisBot/module/auth/oauth.go:292.2,292.34 1 0
github.com/276793422/NemesisBot/module/auth/oauth.go:292.34,294.3 1 0
github.com/276793422/NemesisBot/module/auth/oauth.go:295.2,295.31 1 0
github.com/276793422/NemesisBot/module/auth/oauth.go:295.31,297.3 1 0
github.com/276793422/NemesisBot/module/auth/oauth.go:298.2,298.23 1 0
github.com/276793422/NemesisBot/module/auth/oauth.go:301.99,303.2 1 1
github.com/276793422/NemesisBot/module/auth/oauth.go:305.99,317.70 2 1
github.com/276793422/NemesisBot/module/auth/oauth.go:317.70,319.3 1 1
github.com/276793422/NemesisBot/module/auth/oauth.go:320.2,320.26 1 1
github.com/276793422/NemesisBot/module/auth/oauth.go:320.26,322.3 1 1
github.com/276793422/NemesisBot/module/auth/oauth.go:323.2,323.59 1 1
github.com/276793422/NemesisBot/module/auth/oauth.go:326.118,336.16 3 0
github.com/276793422/NemesisBot/module/auth/oauth.go:336.16,338.3 1 0
github.com/276793422/NemesisBot/module/auth/oauth.go:339.2,342.38 3 0
github.com/276793422/NemesisBot/module/auth/oauth.go:342.38,344.3 1 0
github.com/276793422/NemesisBot/module/auth/oauth.go:346.2,346.43 1 0
github.com/276793422/NemesisBot/module/auth/oauth.go:349.80,356.57 2 1
github.com/276793422/NemesisBot/module/auth/oauth.go:356.57,358.3 1 1
github.com/276793422/NemesisBot/module/auth/oauth.go:360.2,360.33 1 1
github.com/276793422/NemesisBot/module/auth/oauth.go:360.33,362.3 1 1
github.com/276793422/NemesisBot/module/auth/oauth.go:364.2,365.29 2 1
github.com/276793422/NemesisBot/module/auth/oauth.go:365.29,367.3 1 1
github.com/276793422/NemesisBot/module/auth/oauth.go:369.2,377.71 2 1
github.com/276793422/NemesisBot/module/auth/oauth.go:377.71,379.3 1 0
github.com/276793422/NemesisBot/module/auth/oauth.go:379.8,379.82 1 1
github.com/276793422/NemesisBot/module/auth/oauth.go:379.82,381.3 1 0
github.com/276793422/NemesisBot/module/auth/oauth.go:381.8,381.78 1 1
github.com/276793422/NemesisBot/module/auth/oauth.go:381.78,384.3 1 0
github.com/276793422/NemesisBot/module/auth/oauth.go:386.2,386.18 1 1
github.com/276793422/NemesisBot/module/auth/oauth.go:389.44,391.16 2 1
github.com/276793422/NemesisBot/module/auth/oauth.go:391.16,393.3 1 1
github.com/276793422/NemesisBot/module/auth/oauth.go:395.2,395.83 1 1
github.com/276793422/NemesisBot/module/auth/oauth.go:395.83,397.3 1 1
github.com/276793422/NemesisBot/module/auth/oauth.go:399.2,399.111 1 1
github.com/276793422/NemesisBot/module/auth/oauth.go:399.111,401.3 1 0
github.com/276793422/NemesisBot/module/auth/oauth.go:403.2,403.89 1 1
github.com/276793422/NemesisBot/module/auth/oauth.go:403.89,404.87 1 0
github.com/276793422/NemesisBot/module/auth/oauth.go:404.87,406.4 1 0
github.com/276793422/NemesisBot/module/auth/oauth.go:409.2,409.61 1 1
github.com/276793422/NemesisBot/module/auth/oauth.go:409.61,410.28 1 0
github.com/276793422/NemesisBot/module/auth/oauth.go:410.28,411.54 1 0
github.com/276793422/NemesisBot/module/auth/oauth.go:411.54,412.70 1 0
github.com/276793422/NemesisBot/module/auth/oauth.go:412.70,414.6 1 0
github.com/276793422/NemesisBot/module/auth/oauth.go:419.2,419.11 1 1
github.com/276793422/NemesisBot/module/auth/oauth.go:422.67,424.20 2 1
github.com/276793422/NemesisBot/module/auth/oauth.go:424.20,426.3 1 1
github.com/276793422/NemesisBot/module/auth/oauth.go:428.2,429.26 2 1
github.com/276793422/NemesisBot/module/auth/oauth.go:430.9,431.18 1 1
github.com/276793422/NemesisBot/module/auth/oauth.go:432.9,433.17 1 1
github.com/276793422/NemesisBot/module/auth/oauth.go:436.2,437.16 2 1
github.com/276793422/NemesisBot/module/auth/oauth.go:437.16,439.3 1 1
github.com/276793422/NemesisBot/module/auth/oauth.go:441.2,442.57 2 1
github.com/276793422/NemesisBot/module/auth/oauth.go:442.57,444.3 1 1
github.com/276793422/NemesisBot/module/auth/oauth.go:446.2,446.20 1 1
github.com/276793422/NemesisBot/module/auth/oauth.go:449.48,452.2 2 1
github.com/276793422/NemesisBot/module/auth/oauth.go:454.36,455.22 1 0
github.com/276793422/NemesisBot/module/auth/oauth.go:456.16,457.43 1 0
github.com/276793422/NemesisBot/module/auth/oauth.go:458.15,459.47 1 0
github.com/276793422/NemesisBot/module/auth/oauth.go:460.17,461.57 1 0
github.com/276793422/NemesisBot/module/auth/oauth.go:462.10,463.62 1 0
github.com/276793422/NemesisBot/module/auth/pkce.go:18.40,20.42 2 1
github.com/276793422/NemesisBot/module/auth/pkce.go:20.42,22.3 1 0
github.com/276793422/NemesisBot/module/auth/pkce.go:24.2,32.8 4 1
github.com/276793422/NemesisBot/module/auth/store.go:29.43,30.26 1 1
github.com/276793422/NemesisBot/module/auth/store.go:30.26,32.3 1 1
github.com/276793422/NemesisBot/module/auth/store.go:33.2,33.38 1 1
github.com/276793422/NemesisBot/module/auth/store.go:36.46,37.26 1 1
github.com/276793422/NemesisBot/module/auth/store.go:37.26,39.3 1 1
github.com/276793422/NemesisBot/module/auth/store.go:40.2,40.59 1 1
github.com/276793422/NemesisBot/module/auth/store.go:43.28,45.2 1 1
github.com/276793422/NemesisBot/module/auth/store.go:47.38,50.16 3 1
github.com/276793422/NemesisBot/module/auth/store.go:50.16,51.25 1 1
github.com/276793422/NemesisBot/module/auth/store.go:51.25,53.4 1 1
github.com/276793422/NemesisBot/module/auth/store.go:54.3,54.18 1 0
github.com/276793422/NemesisBot/module/auth/store.go:57.2,58.53 2 1
github.com/276793422/NemesisBot/module/auth/store.go:58.53,60.3 1 0
github.com/276793422/NemesisBot/module/auth/store.go:61.2,61.30 1 1
github.com/276793422/NemesisBot/module/auth/store.go:61.30,63.3 1 0
github.com/276793422/NemesisBot/module/auth/store.go:64.2,64.20 1 1
github.com/276793422/NemesisBot/module/auth/store.go:67.40,70.47 3 1
github.com/276793422/NemesisBot/module/auth/store.go:70.47,72.3 1 0
github.com/276793422/NemesisBot/module/auth/store.go:74.2,75.16 2 1
github.com/276793422/NemesisBot/module/auth/store.go:75.16,77.3 1 0
github.com/276793422/NemesisBot/module/auth/store.go:78.2,78.39 1 1
github.com/276793422/NemesisBot/module/auth/store.go:81.62,83.16 2 1
github.com/276793422/NemesisBot/module/auth/store.go:83.16,85.3 1 0
github.com/276793422/NemesisBot/module/auth/store.go:86.2,87.9 2 1
github.com/276793422/NemesisBot/module/auth/store.go:87.9,89.3 1 1
github.com/276793422/NemesisBot/module/auth/store.go:90.2,90.18 1 1
github.com/276793422/NemesisBot/module/auth/store.go:93.65,95.16 2 1
github.com/276793422/NemesisBot/module/auth/store.go:95.16,97.3 1 0
github.com/276793422/NemesisBot/module/auth/store.go:98.2,99.25 2 1
github.com/276793422/NemesisBot/module/auth/store.go:102.46,104.16 2 1
github.com/276793422/NemesisBot/module/auth/store.go:104.16,106.3 1 0
github.com/276793422/NemesisBot/module/auth/store.go:107.2,108.25 2 1
github.com/276793422/NemesisBot/module/auth/store.go:111.35,113.63 2 1
github.com/276793422/NemesisBot/module/auth/store.go:113.63,115.3 1 0
github.com/276793422/NemesisBot/module/auth/store.go:116.2,116.12 1 1
github.com/276793422/NemesisBot/module/auth/token.go:14.77,19.21 4 1
github.com/276793422/NemesisBot/module/auth/token.go:19.21,20.39 1 0
github.com/276793422/NemesisBot/module/auth/token.go:20.39,22.4 1 0
github.com/276793422/NemesisBot/module/auth/token.go:23.3,23.46 1 0
github.com/276793422/NemesisBot/module/auth/token.go:26.2,27.17 2 1
github.com/276793422/NemesisBot/module/auth/token.go:27.17,29.3 1 1
github.com/276793422/NemesisBot/module/auth/token.go:31.2,35.8 1 1
github.com/276793422/NemesisBot/module/auth/token.go:38.50,39.18 1 1
github.com/276793422/NemesisBot/module/auth/token.go:40.19,41.33 1 1
github.com/276793422/NemesisBot/module/auth/token.go:42.16,43.31 1 1
github.com/276793422/NemesisBot/module/auth/token.go:44.10,45.18 1 1
github.com/276793422/NemesisBot/module/constants/channels.go:17.45,20.2 2 1
github.com/276793422/NemesisBot/module/cluster/discovery/discovery.go:46.75,48.16 2 1
github.com/276793422/NemesisBot/module/cluster/discovery/discovery.go:48.16,50.3 1 1
github.com/276793422/NemesisBot/module/cluster/discovery/discovery.go:52.2,57.8 1 1
github.com/276793422/NemesisBot/module/cluster/discovery/discovery.go:61.66,65.2 3 1
github.com/276793422/NemesisBot/module/cluster/discovery/discovery.go:68.35,70.15 2 1
github.com/276793422/NemesisBot/module/cluster/discovery/discovery.go:70.15,73.3 2 1
github.com/276793422/NemesisBot/module/cluster/discovery/discovery.go:74.2,81.43 4 1
github.com/276793422/NemesisBot/module/cluster/discovery/discovery.go:81.43,83.3 1 0
github.com/276793422/NemesisBot/module/cluster/discovery/discovery.go:85.2,93.12 4 1
github.com/276793422/NemesisBot/module/cluster/discovery/discovery.go:97.34,99.16 2 1
github.com/276793422/NemesisBot/module/cluster/discovery/discovery.go:99.16,102.3 2 1
github.com/276793422/NemesisBot/module/cluster/discovery/discovery.go:103.2,111.42 4 1
github.com/276793422/NemesisBot/module/cluster/discovery/discovery.go:111.42,113.3 1 0
github.com/276793422/NemesisBot/module/cluster/discovery/discovery.go:115.2,117.12 2 1
github.com/276793422/NemesisBot/module/cluster/discovery/discovery.go:121.37,126.47 3 1
github.com/276793422/NemesisBot/module/cluster/discovery/discovery.go:126.47,128.3 1 1
github.com/276793422/NemesisBot/module/cluster/discovery/discovery.go:130.2,130.6 1 1
github.com/276793422/NemesisBot/module/cluster/discovery/discovery.go:130.6,131.10 1 1
github.com/276793422/NemesisBot/module/cluster/discovery/discovery.go:132.19,133.20 1 1
github.com/276793422/NemesisBot/module/cluster/discovery/discovery.go:135.19,136.10 1 1
github.com/276793422/NemesisBot/module/cluster/discovery/discovery.go:142.36,145.25 2 1
github.com/276793422/NemesisBot/module/cluster/discovery/discovery.go:145.25,148.3 2 1
github.com/276793422/NemesisBot/module/cluster/discovery/discovery.go:150.2,161.50 2 1
github.com/276793422/NemesisBot/module/cluster/discovery/discovery.go:161.50,163.3 1 0
github.com/276793422/NemesisBot/module/cluster/discovery/discovery.go:163.8,165.3 1 1
github.com/276793422/NemesisBot/module/cluster/discovery/discovery.go:169.77,171.41 1 1
github.com/276793422/NemesisBot/module/cluster/discovery/discovery.go:171.41,173.3 1 1
github.com/276793422/NemesisBot/module/cluster/discovery/discovery.go:176.2,176.21 1 1
github.com/276793422/NemesisBot/module/cluster/discovery/discovery.go:176.21,179.3 2 1
github.com/276793422/NemesisBot/module/cluster/discovery/discovery.go:181.2,183.18 2 1
github.com/276793422/NemesisBot/module/cluster/discovery/discovery.go:184.27,185.24 1 1
github.com/276793422/NemesisBot/module/cluster/discovery/discovery.go:187.22,188.19 1 1
github.com/276793422/NemesisBot/module/cluster/discovery/discovery.go:193.59,200.47 3 1
github.com/276793422/NemesisBot/module/cluster/discovery/discovery.go:200.47,202.3 1 1
github.com/276793422/NemesisBot/module/cluster/discovery/discovery.go:206.54,212.47 3 1
github.com/276793422/NemesisBot/module/cluster/discovery/discovery.go:212.47,214.3 1 1
github.com/276793422/NemesisBot/module/cluster/discovery/discovery.go:218.38,222.2 3 1
github.com/276793422/NemesisBot/module/cluster/discovery/discovery.go:225.52,227.2 1 1
github.com/276793422/NemesisBot/module/cluster/discovery/listener.go:26.53,29.16 2 1
github.com/276793422/NemesisBot/module/cluster/discovery/listener.go:29.16,31.3 1 1
github.com/276793422/NemesisBot/module/cluster/discovery/listener.go:33.2,34.16 2 1
github.com/276793422/NemesisBot/module/cluster/discovery/listener.go:34.16,36.3 1 1
github.com/276793422/NemesisBot/module/cluster/discovery/listener.go:38.2,42.8 1 1
github.com/276793422/NemesisBot/module/cluster/discovery/listener.go:46.88,50.2 3 1
github.com/276793422/NemesisBot/module/cluster/discovery/listener.go:53.37,55.15 2 1
github.com/276793422/NemesisBot/module/cluster/discovery/listener.go:55.15,58.3 2 1
github.com/276793422/NemesisBot/module/cluster/discovery/listener.go:59.2,65.12 4 1
github.com/276793422/NemesisBot/module/cluster/discovery/listener.go:69.36,71.16 2 1
github.com/276793422/NemesisBot/module/cluster/discovery/listener.go:71.16,74.3 2 1
github.com/276793422/NemesisBot/module/cluster/discovery/listener.go:75.2,83.23 4 1
github.com/276793422/NemesisBot/module/cluster/discovery/listener.go:87.37,90.6 2 1
github.com/276793422/NemesisBot/module/cluster/discovery/listener.go:90.6,91.10 1 1
github.com/276793422/NemesisBot/module/cluster/discovery/listener.go:92.19,93.10 1 1
github.com/276793422/NemesisBot/module/cluster/discovery/listener.go:94.11,99.18 3 1
github.com/276793422/NemesisBot/module/cluster/discovery/listener.go:99.18,101.62 1 1
github.com/276793422/NemesisBot/module/cluster/discovery/listener.go:101.62,102.14 1 0
github.com/276793422/NemesisBot/module/cluster/discovery/listener.go:105.5,105.11 1 1
github.com/276793422/NemesisBot/module/cluster/discovery/listener.go:109.4,110.56 2 1
github.com/276793422/NemesisBot/module/cluster/discovery/listener.go:110.56,112.13 1 0
github.com/276793422/NemesisBot/module/cluster/discovery/listener.go:116.4,116.41 1 1
github.com/276793422/NemesisBot/module/cluster/discovery/listener.go:116.41,118.13 1 0
github.com/276793422/NemesisBot/module/cluster/discovery/listener.go:122.4,126.22 4 1
github.com/276793422/NemesisBot/module/cluster/discovery/listener.go:126.22,128.5 1 1
github.com/276793422/NemesisBot/module/cluster/discovery/listener.go:134.62,136.16 2 1
github.com/276793422/NemesisBot/module/cluster/discovery/listener.go:136.16,138.3 1 0
github.com/276793422/NemesisBot/module/cluster/discovery/listener.go:141.2,145.38 3 1
github.com/276793422/NemesisBot/module/cluster/discovery/listener.go:145.38,147.17 2 1
github.com/276793422/NemesisBot/module/cluster/discovery/listener.go:147.17,148.12 1 0
github.com/276793422/NemesisBot/module/cluster/discovery/listener.go:150.3,150.38 1 1
github.com/276793422/NemesisBot/module/cluster/discovery/listener.go:154.2,154.56 1 1
github.com/276793422/NemesisBot/module/cluster/discovery/listener.go:154.56,155.39 1 1
github.com/276793422/NemesisBot/module/cluster/discovery/listener.go:155.39,157.18 2 1
github.com/276793422/NemesisBot/module/cluster/discovery/listener.go:157.18,158.13 1 0
github.com/276793422/NemesisBot/module/cluster/discovery/listener.go:160.4,160.39 1 1
github.com/276793422/NemesisBot/module/cluster/discovery/listener.go:164.2,164.12 1 1
github.com/276793422/NemesisBot/module/cluster/discovery/listener.go:168.56,175.16 3 1
github.com/276793422/NemesisBot/module/cluster/discovery/listener.go:175.16,177.3 1 0
github.com/276793422/NemesisBot/module/cluster/discovery/listener.go:179.2,179.35 1 1
github.com/276793422/NemesisBot/module/cluster/discovery/listener.go:179.35,181.71 1 1
github.com/276793422/NemesisBot/module/cluster/discovery/listener.go:181.71,182.12 1 1
github.com/276793422/NemesisBot/module/cluster/discovery/listener.go:185.3,186.17 2 1
github.com/276793422/NemesisBot/module/cluster/discovery/listener.go:186.17,187.12 1 0
github.com/276793422/NemesisBot/module/cluster/discovery/listener.go:190.3,190.35 1 1
github.com/276793422/NemesisBot/module/cluster/discovery/listener.go:190.35,192.28 2 1
github.com/276793422/NemesisBot/module/cluster/discovery/listener.go:193.20,194.14 1 1
github.com/276793422/NemesisBot/module/cluster/discovery/listener.go:195.21,196.14 1 0
github.com/276793422/NemesisBot/module/cluster/discovery/listener.go:199.4,199.36 1 1
github.com/276793422/NemesisBot/module/cluster/discovery/listener.go:199.36,200.13 1 0
github.com/276793422/NemesisBot/module/cluster/discovery/listener.go:204.4,204.23 1 1
github.com/276793422/NemesisBot/module/cluster/discovery/listener.go:204.23,209.5 3 1
github.com/276793422/NemesisBot/module/cluster/discovery/listener.go:213.2,213.22 1 1
github.com/276793422/NemesisBot/module/cluster/discovery/listener.go:217.40,221.2 3 1
github.com/276793422/NemesisBot/module/cluster/discovery/listener.go:224.37,226.2 1 1
github.com/276793422/NemesisBot/module/cluster/discovery/message.go:42.158,56.2 1 1
github.com/276793422/NemesisBot/module/cluster/discovery/message.go:59.53,66.2 1 1
github.com/276793422/NemesisBot/module/cluster/discovery/message.go:69.45,70.34 1 1
github.com/276793422/NemesisBot/module/cluster/discovery/message.go:70.34,72.3 1 1
github.com/276793422/NemesisBot/module/cluster/discovery/message.go:74.2,74.20 1 1
github.com/276793422/NemesisBot/module/cluster/discovery/message.go:74.20,76.3 1 1
github.com/276793422/NemesisBot/module/cluster/discovery/message.go:78.2,78.35 1 1
github.com/276793422/NemesisBot/module/cluster/discovery/message.go:78.35,79.19 1 1
github.com/276793422/NemesisBot/module/cluster/discovery/message.go:79.19,81.4 1 1
github.com/276793422/NemesisBot/module/cluster/discovery/message.go:82.3,82.28 1 1
github.com/276793422/NemesisBot/module/cluster/discovery/message.go:82.28,84.4 1 1
github.com/276793422/NemesisBot/module/cluster/discovery/message.go:85.3,85.21 1 1
github.com/276793422/NemesisBot/module/cluster/discovery/message.go:85.21,87.4 1 1
github.com/276793422/NemesisBot/module/cluster/discovery/message.go:90.2,90.12 1 1
github.com/276793422/NemesisBot/module/cluster/discovery/message.go:94.45,96.2 1 1
github.com/276793422/NemesisBot/module/cluster/discovery/message.go:99.52,101.2 1 1
github.com/276793422/NemesisBot/module/cluster/discovery/message.go:104.44,107.2 1 1
github.com/276793422/NemesisBot/module/agent/context.go:28.34,30.2 1 1
github.com/276793422/NemesisBot/module/agent/context.go:32.58,43.2 3 1
github.com/276793422/NemesisBot/module/agent/context.go:46.74,48.2 1 1
github.com/276793422/NemesisBot/module/agent/context.go:50.48,80.2 5 1
github.com/276793422/NemesisBot/module/agent/context.go:82.54,83.21 1 1
github.com/276793422/NemesisBot/module/agent/context.go:83.21,85.3 1 1
github.com/276793422/NemesisBot/module/agent/context.go:87.2,88.25 2 1
github.com/276793422/NemesisBot/module/agent/context.go:88.25,90.3 1 0
github.com/276793422/NemesisBot/module/agent/context.go:92.2,96.30 5 1
github.com/276793422/NemesisBot/module/agent/context.go:96.30,99.3 2 1
github.com/276793422/NemesisBot/module/agent/context.go:101.2,101.20 1 1
github.com/276793422/NemesisBot/module/agent/context.go:104.72,112.28 4 1
github.com/276793422/NemesisBot/module/agent/context.go:112.28,114.3 1 1
github.com/276793422/NemesisBot/module/agent/context.go:117.2,118.25 2 1
github.com/276793422/NemesisBot/module/agent/context.go:118.25,124.3 1 0
github.com/276793422/NemesisBot/module/agent/context.go:127.2,128.25 2 1
github.com/276793422/NemesisBot/module/agent/context.go:128.25,130.3 1 0
github.com/276793422/NemesisBot/module/agent/context.go:133.2,133.43 1 1
github.com/276793422/NemesisBot/module/agent/context.go:136.73,138.19 1 1
github.com/276793422/NemesisBot/module/agent/context.go:138.19,149.43 3 1
github.com/276793422/NemesisBot/module/agent/context.go:149.43,151.54 2 1
github.com/276793422/NemesisBot/module/agent/context.go:151.54,153.5 1 1
github.com/276793422/NemesisBot/module/agent/context.go:155.3,155.16 1 1
github.com/276793422/NemesisBot/module/agent/context.go:159.2,160.57 2 1
github.com/276793422/NemesisBot/module/agent/context.go:160.57,178.3 1 1
github.com/276793422/NemesisBot/module/agent/context.go:181.2,190.42 3 1
github.com/276793422/NemesisBot/module/agent/context.go:190.42,192.53 2 1
github.com/276793422/NemesisBot/module/agent/context.go:192.53,194.4 1 1
github.com/276793422/NemesisBot/module/agent/context.go:197.2,197.15 1 1
github.com/276793422/NemesisBot/module/agent/context.go:200.189,207.35 3 1
github.com/276793422/NemesisBot/module/agent/context.go:207.35,209.3 1 1
github.com/276793422/NemesisBot/module/agent/context.go:212.2,221.24 3 1
github.com/276793422/NemesisBot/module/agent/context.go:221.24,223.3 1 1
github.com/276793422/NemesisBot/module/agent/context.go:224.2,229.19 2 1
github.com/276793422/NemesisBot/module/agent/context.go:229.19,231.3 1 1
github.com/276793422/NemesisBot/module/agent/context.go:236.2,236.54 1 1
github.com/276793422/NemesisBot/module/agent/context.go:236.54,240.3 2 0
github.com/276793422/NemesisBot/module/agent/context.go:244.2,256.17 4 1
github.com/276793422/NemesisBot/module/agent/context.go:259.128,266.2 2 1
github.com/276793422/NemesisBot/module/agent/context.go:268.149,276.2 3 1
github.com/276793422/NemesisBot/module/agent/context.go:278.47,280.25 2 0
github.com/276793422/NemesisBot/module/agent/context.go:280.25,282.3 1 0
github.com/276793422/NemesisBot/module/agent/context.go:284.2,285.30 2 0
github.com/276793422/NemesisBot/module/agent/context.go:285.30,287.3 1 0
github.com/276793422/NemesisBot/module/agent/context.go:289.2,290.19 2 0
github.com/276793422/NemesisBot/module/agent/context.go:290.19,292.3 1 0
github.com/276793422/NemesisBot/module/agent/context.go:294.2,294.44 1 0
github.com/276793422/NemesisBot/module/agent/context.go:298.66,301.30 3 1
github.com/276793422/NemesisBot/module/agent/context.go:301.30,303.3 1 0
github.com/276793422/NemesisBot/module/agent/context.go:304.2,308.3 1 1
github.com/276793422/NemesisBot/module/agent/instance.go:25.82,31.16 3 1
github.com/276793422/NemesisBot/module/agent/instance.go:31.16,37.3 1 1
github.com/276793422/NemesisBot/module/agent/instance.go:39.2,43.3 1 0
github.com/276793422/NemesisBot/module/agent/instance.go:73.18,94.49 11 1
github.com/276793422/NemesisBot/module/agent/instance.go:94.49,104.59 4 0
github.com/276793422/NemesisBot/module/agent/instance.go:104.59,107.4 1 0
github.com/276793422/NemesisBot/module/agent/instance.go:107.9,108.61 1 0
github.com/276793422/NemesisBot/module/agent/instance.go:108.61,110.5 1 0
github.com/276793422/NemesisBot/module/agent/instance.go:116.2,151.21 26 1
github.com/276793422/NemesisBot/module/agent/instance.go:151.21,156.3 4 1
github.com/276793422/NemesisBot/module/agent/instance.go:158.2,159.18 2 1
github.com/276793422/NemesisBot/module/agent/instance.go:159.18,161.3 1 1
github.com/276793422/NemesisBot/module/agent/instance.go:164.2,170.61 3 1
github.com/276793422/NemesisBot/module/agent/instance.go:170.61,172.3 1 1
github.com/276793422/NemesisBot/module/agent/instance.go:173.2,192.3 2 1
github.com/276793422/NemesisBot/module/agent/instance.go:196.97,200.68 2 1
github.com/276793422/NemesisBot/module/agent/instance.go:200.68,202.3 1 1
github.com/276793422/NemesisBot/module/agent/instance.go:205.2,205.113 1 1
github.com/276793422/NemesisBot/module/agent/instance.go:205.113,207.3 1 1
github.com/276793422/NemesisBot/module/agent/instance.go:210.2,211.35 2 1
github.com/276793422/NemesisBot/module/agent/instance.go:216.93,217.97 1 1
github.com/276793422/NemesisBot/module/agent/instance.go:217.97,219.3 1 1
github.com/276793422/NemesisBot/module/agent/instance.go:221.2,221.21 1 1
github.com/276793422/NemesisBot/module/agent/instance.go:227.99,228.81 1 1
github.com/276793422/NemesisBot/module/agent/instance.go:228.81,230.3 1 1
github.com/276793422/NemesisBot/module/agent/instance.go:232.2,232.12 1 1
github.com/276793422/NemesisBot/module/agent/instance.go:238.75,243.16 4 1
github.com/276793422/NemesisBot/module/agent/instance.go:243.16,245.3 1 1
github.com/276793422/NemesisBot/module/agent/instance.go:245.8,250.3 1 0
github.com/276793422/NemesisBot/module/agent/instance.go:252.2,252.48 1 1
github.com/276793422/NemesisBot/module/agent/instance.go:256.85,265.36 2 1
github.com/276793422/NemesisBot/module/agent/instance.go:265.36,267.3 1 1
github.com/276793422/NemesisBot/module/agent/instance.go:270.2,270.40 1 1
github.com/276793422/NemesisBot/module/agent/instance.go:270.40,282.3 1 0
github.com/276793422/NemesisBot/module/agent/instance.go:285.2,292.11 2 1
github.com/276793422/NemesisBot/module/agent/loop.go:73.106,80.40 4 1
github.com/276793422/NemesisBot/module/agent/loop.go:80.40,83.3 2 0
github.com/276793422/NemesisBot/module/agent/loop.go:86.2,87.16 2 1
github.com/276793422/NemesisBot/module/agent/loop.go:87.16,90.3 1 0
github.com/276793422/NemesisBot/module/agent/loop.go:90.8,90.31 1 1
github.com/276793422/NemesisBot/module/agent/loop.go:90.31,93.17 3 0
github.com/276793422/NemesisBot/module/agent/loop.go:93.17,96.4 1 0
github.com/276793422/NemesisBot/module/agent/loop.go:96.9,101.50 2 0
github.com/276793422/NemesisBot/module/agent/loop.go:101.50,105.5 2 0
github.com/276793422/NemesisBot/module/agent/loop.go:105.10,115.75 2 0
github.com/276793422/NemesisBot/module/agent/loop.go:115.75,118.6 1 0
github.com/276793422/NemesisBot/module/agent/loop.go:124.2,133.25 6 1
github.com/276793422/NemesisBot/module/agent/loop.go:133.25,135.3 1 1
github.com/276793422/NemesisBot/module/agent/loop.go:138.2,139.26 2 1
github.com/276793422/NemesisBot/module/agent/loop.go:139.26,141.3 1 1
github.com/276793422/NemesisBot/module/agent/loop.go:142.2,143.20 2 1
github.com/276793422/NemesisBot/module/agent/loop.go:143.20,145.3 1 1
github.com/276793422/NemesisBot/module/agent/loop.go:147.2,158.3 1 1
github.com/276793422/NemesisBot/module/agent/loop.go:162.161,163.50 1 1
github.com/276793422/NemesisBot/module/agent/loop.go:163.50,165.10 2 1
github.com/276793422/NemesisBot/module/agent/loop.go:165.10,166.12 1 0
github.com/276793422/NemesisBot/module/agent/loop.go:170.3,183.25 3 1
github.com/276793422/NemesisBot/module/agent/loop.go:183.25,185.4 1 0
github.com/276793422/NemesisBot/module/agent/loop.go:186.3,194.75 5 1
github.com/276793422/NemesisBot/module/agent/loop.go:194.75,201.4 2 0
github.com/276793422/NemesisBot/module/agent/loop.go:202.3,208.65 5 1
github.com/276793422/NemesisBot/module/agent/loop.go:208.65,210.4 1 0
github.com/276793422/NemesisBot/module/agent/loop.go:211.3,217.17 4 1
github.com/276793422/NemesisBot/module/agent/loop.go:217.17,223.4 1 0
github.com/276793422/NemesisBot/module/agent/loop.go:223.9,223.31 1 1
github.com/276793422/NemesisBot/module/agent/loop.go:223.31,225.18 2 0
github.com/276793422/NemesisBot/module/agent/loop.go:225.18,231.5 1 0
github.com/276793422/NemesisBot/module/agent/loop.go:231.10,231.32 1 0
github.com/276793422/NemesisBot/module/agent/loop.go:231.32,232.35 1 0
github.com/276793422/NemesisBot/module/agent/loop.go:232.35,234.6 1 0
github.com/276793422/NemesisBot/module/agent/loop.go:235.5,239.8 1 0
github.com/276793422/NemesisBot/module/agent/loop.go:244.3,244.29 1 1
github.com/276793422/NemesisBot/module/agent/loop.go:244.29,251.4 3 0
github.com/276793422/NemesisBot/module/agent/loop.go:254.3,254.53 1 1
github.com/276793422/NemesisBot/module/agent/loop.go:258.53,261.24 2 1
github.com/276793422/NemesisBot/module/agent/loop.go:261.24,262.10 1 1
github.com/276793422/NemesisBot/module/agent/loop.go:263.21,264.14 1 1
github.com/276793422/NemesisBot/module/agent/loop.go:265.11,267.11 2 1
github.com/276793422/NemesisBot/module/agent/loop.go:267.11,268.13 1 1
github.com/276793422/NemesisBot/module/agent/loop.go:271.4,272.18 2 1
github.com/276793422/NemesisBot/module/agent/loop.go:272.18,279.5 2 0
github.com/276793422/NemesisBot/module/agent/loop.go:281.4,281.22 1 1
github.com/276793422/NemesisBot/module/agent/loop.go:281.22,295.17 4 1
github.com/276793422/NemesisBot/module/agent/loop.go:295.17,297.6 1 0
github.com/276793422/NemesisBot/module/agent/loop.go:298.5,298.25 1 1
github.com/276793422/NemesisBot/module/agent/loop.go:298.25,299.56 1 1
github.com/276793422/NemesisBot/module/agent/loop.go:299.56,300.50 1 1
github.com/276793422/NemesisBot/module/agent/loop.go:300.50,307.8 2 1
github.com/276793422/NemesisBot/module/agent/loop.go:307.13,310.8 1 0
github.com/276793422/NemesisBot/module/agent/loop.go:311.12,313.7 1 0
github.com/276793422/NemesisBot/module/agent/loop.go:314.11,316.6 1 0
github.com/276793422/NemesisBot/module/agent/loop.go:318.5,318.21 1 1
github.com/276793422/NemesisBot/module/agent/loop.go:318.21,329.57 3 1
github.com/276793422/NemesisBot/module/agent/loop.go:329.57,336.7 2 0
github.com/276793422/NemesisBot/module/agent/loop.go:338.6,347.9 2 1
github.com/276793422/NemesisBot/module/agent/loop.go:348.11,354.6 1 0
github.com/276793422/NemesisBot/module/agent/loop.go:355.10,361.5 1 0
github.com/276793422/NemesisBot/module/agent/loop.go:365.2,365.12 1 0
github.com/276793422/NemesisBot/module/agent/loop.go:368.29,372.23 2 1
github.com/276793422/NemesisBot/module/agent/loop.go:372.23,373.43 1 0
github.com/276793422/NemesisBot/module/agent/loop.go:373.43,376.4 1 0
github.com/276793422/NemesisBot/module/agent/loop.go:380.52,381.53 1 1
github.com/276793422/NemesisBot/module/agent/loop.go:381.53,382.53 1 1
github.com/276793422/NemesisBot/module/agent/loop.go:382.53,384.4 1 1
github.com/276793422/NemesisBot/module/agent/loop.go:388.62,393.23 2 1
github.com/276793422/NemesisBot/module/agent/loop.go:393.23,394.56 1 0
github.com/276793422/NemesisBot/module/agent/loop.go:394.56,397.4 2 0
github.com/276793422/NemesisBot/module/agent/loop.go:403.62,404.21 1 1
github.com/276793422/NemesisBot/module/agent/loop.go:404.21,406.3 1 0
github.com/276793422/NemesisBot/module/agent/loop.go:407.2,407.41 1 1
github.com/276793422/NemesisBot/module/agent/loop.go:412.60,413.21 1 1
github.com/276793422/NemesisBot/module/agent/loop.go:413.21,415.3 1 1
github.com/276793422/NemesisBot/module/agent/loop.go:416.2,416.39 1 1
github.com/276793422/NemesisBot/module/agent/loop.go:420.79,421.54 1 1
github.com/276793422/NemesisBot/module/agent/loop.go:421.54,423.3 1 1
github.com/276793422/NemesisBot/module/agent/loop.go:426.2,428.12 3 1
github.com/276793422/NemesisBot/module/agent/loop.go:428.12,430.3 1 0
github.com/276793422/NemesisBot/module/agent/loop.go:431.2,431.14 1 1
github.com/276793422/NemesisBot/module/agent/loop.go:436.64,441.17 4 1
github.com/276793422/NemesisBot/module/agent/loop.go:441.17,444.3 2 1
github.com/276793422/NemesisBot/module/agent/loop.go:447.2,447.35 1 1
github.com/276793422/NemesisBot/module/agent/loop.go:447.35,449.3 1 1
github.com/276793422/NemesisBot/module/agent/loop.go:452.2,452.39 1 1
github.com/276793422/NemesisBot/module/agent/loop.go:452.39,454.3 1 1
github.com/276793422/NemesisBot/module/agent/loop.go:457.2,458.14 2 1
github.com/276793422/NemesisBot/module/agent/loop.go:462.61,467.27 4 1
github.com/276793422/NemesisBot/module/agent/loop.go:467.27,471.3 2 1
github.com/276793422/NemesisBot/module/agent/loop.go:473.2,474.14 2 1
github.com/276793422/NemesisBot/module/agent/loop.go:477.101,479.2 1 1
github.com/276793422/NemesisBot/module/agent/loop.go:481.129,492.2 3 1
github.com/276793422/NemesisBot/module/agent/loop.go:496.109,508.2 2 1
github.com/276793422/NemesisBot/module/agent/loop.go:510.106,513.87 2 1
github.com/276793422/NemesisBot/module/agent/loop.go:513.87,515.3 1 0
github.com/276793422/NemesisBot/module/agent/loop.go:515.8,517.3 1 1
github.com/276793422/NemesisBot/module/agent/loop.go:518.2,527.29 2 1
github.com/276793422/NemesisBot/module/agent/loop.go:527.29,530.3 2 0
github.com/276793422/NemesisBot/module/agent/loop.go:533.2,533.62 1 1
github.com/276793422/NemesisBot/module/agent/loop.go:533.62,535.3 1 0
github.com/276793422/NemesisBot/module/agent/loop.go:538.2,548.9 3 1
github.com/276793422/NemesisBot/module/agent/loop.go:548.9,550.3 1 0
github.com/276793422/NemesisBot/module/agent/loop.go:553.2,554.73 2 1
github.com/276793422/NemesisBot/module/agent/loop.go:554.73,556.3 1 0
github.com/276793422/NemesisBot/module/agent/loop.go:558.2,566.39 2 1
github.com/276793422/NemesisBot/module/agent/loop.go:566.39,573.3 2 1
github.com/276793422/NemesisBot/module/agent/loop.go:576.2,576.15 1 1
github.com/276793422/NemesisBot/module/agent/loop.go:576.15,578.3 1 1
github.com/276793422/NemesisBot/module/agent/loop.go:582.2,582.29 1 1
github.com/276793422/NemesisBot/module/agent/loop.go:582.29,584.3 1 0
github.com/276793422/NemesisBot/module/agent/loop.go:586.2,596.30 2 1
github.com/276793422/NemesisBot/module/agent/loop.go:599.104,600.29 1 1
github.com/276793422/NemesisBot/module/agent/loop.go:600.29,602.3 1 1
github.com/276793422/NemesisBot/module/agent/loop.go:604.2,612.52 3 1
github.com/276793422/NemesisBot/module/agent/loop.go:612.52,615.3 2 1
github.com/276793422/NemesisBot/module/agent/loop.go:615.8,618.3 2 0
github.com/276793422/NemesisBot/module/agent/loop.go:622.2,623.58 2 1
github.com/276793422/NemesisBot/module/agent/loop.go:623.58,625.3 1 1
github.com/276793422/NemesisBot/module/agent/loop.go:628.2,628.48 1 1
github.com/276793422/NemesisBot/module/agent/loop.go:628.48,636.3 2 1
github.com/276793422/NemesisBot/module/agent/loop.go:639.2,652.4 3 1
github.com/276793422/NemesisBot/module/agent/loop.go:656.115,659.86 2 1
github.com/276793422/NemesisBot/module/agent/loop.go:659.86,662.28 3 0
github.com/276793422/NemesisBot/module/agent/loop.go:662.28,663.52 1 0
github.com/276793422/NemesisBot/module/agent/loop.go:663.52,665.5 1 0
github.com/276793422/NemesisBot/module/agent/loop.go:665.10,674.5 1 0
github.com/276793422/NemesisBot/module/agent/loop.go:677.2,680.45 2 1
github.com/276793422/NemesisBot/module/agent/loop.go:680.45,682.49 1 1
github.com/276793422/NemesisBot/module/agent/loop.go:682.49,684.59 2 1
github.com/276793422/NemesisBot/module/agent/loop.go:684.59,686.5 1 0
github.com/276793422/NemesisBot/module/agent/loop.go:691.2,696.21 4 1
github.com/276793422/NemesisBot/module/agent/loop.go:696.21,699.3 2 1
github.com/276793422/NemesisBot/module/agent/loop.go:702.2,719.16 5 1
github.com/276793422/NemesisBot/module/agent/loop.go:719.16,721.48 1 0
github.com/276793422/NemesisBot/module/agent/loop.go:721.48,732.4 3 0
github.com/276793422/NemesisBot/module/agent/loop.go:733.3,733.17 1 0
github.com/276793422/NemesisBot/module/agent/loop.go:740.2,740.24 1 1
github.com/276793422/NemesisBot/module/agent/loop.go:740.24,742.3 1 0
github.com/276793422/NemesisBot/module/agent/loop.go:745.2,749.24 3 1
github.com/276793422/NemesisBot/module/agent/loop.go:749.24,751.3 1 1
github.com/276793422/NemesisBot/module/agent/loop.go:754.2,754.23 1 1
github.com/276793422/NemesisBot/module/agent/loop.go:754.23,760.3 1 1
github.com/276793422/NemesisBot/module/agent/loop.go:763.2,773.47 3 1
github.com/276793422/NemesisBot/module/agent/loop.go:773.47,784.3 3 0
github.com/276793422/NemesisBot/module/agent/loop.go:786.2,786.26 1 1
github.com/276793422/NemesisBot/module/agent/loop.go:790.153,796.38 4 1
github.com/276793422/NemesisBot/module/agent/loop.go:796.38,843.66 9 1
github.com/276793422/NemesisBot/module/agent/loop.go:843.66,856.4 1 0
github.com/276793422/NemesisBot/module/agent/loop.go:859.3,862.53 3 1
github.com/276793422/NemesisBot/module/agent/loop.go:862.53,863.55 1 1
github.com/276793422/NemesisBot/module/agent/loop.go:863.55,866.88 2 0
github.com/276793422/NemesisBot/module/agent/loop.go:866.88,871.7 1 0
github.com/276793422/NemesisBot/module/agent/loop.go:873.5,873.21 1 0
github.com/276793422/NemesisBot/module/agent/loop.go:873.21,875.6 1 0
github.com/276793422/NemesisBot/module/agent/loop.go:876.5,876.62 1 0
github.com/276793422/NemesisBot/module/agent/loop.go:876.62,880.6 1 0
github.com/276793422/NemesisBot/module/agent/loop.go:881.5,881.34 1 0
github.com/276793422/NemesisBot/module/agent/loop.go:883.4,886.6 1 1
github.com/276793422/NemesisBot/module/agent/loop.go:890.3,891.48 2 1
github.com/276793422/NemesisBot/module/agent/loop.go:891.48,893.18 2 1
github.com/276793422/NemesisBot/module/agent/loop.go:893.18,894.10 1 1
github.com/276793422/NemesisBot/module/agent/loop.go:897.4,903.44 3 0
github.com/276793422/NemesisBot/module/agent/loop.go:903.44,909.65 2 0
github.com/276793422/NemesisBot/module/agent/loop.go:909.65,915.6 1 0
github.com/276793422/NemesisBot/module/agent/loop.go:917.5,928.13 6 0
github.com/276793422/NemesisBot/module/agent/loop.go:930.4,930.9 1 0
github.com/276793422/NemesisBot/module/agent/loop.go:933.3,933.17 1 1
github.com/276793422/NemesisBot/module/agent/loop.go:933.17,941.4 2 0
github.com/276793422/NemesisBot/module/agent/loop.go:944.3,944.66 1 1
github.com/276793422/NemesisBot/module/agent/loop.go:944.66,955.4 2 0
github.com/276793422/NemesisBot/module/agent/loop.go:958.3,958.35 1 1
github.com/276793422/NemesisBot/module/agent/loop.go:958.35,966.9 3 1
github.com/276793422/NemesisBot/module/agent/loop.go:970.3,971.41 2 0
github.com/276793422/NemesisBot/module/agent/loop.go:971.41,973.4 1 0
github.com/276793422/NemesisBot/module/agent/loop.go:974.3,987.41 3 0
github.com/276793422/NemesisBot/module/agent/loop.go:987.41,998.4 2 0
github.com/276793422/NemesisBot/module/agent/loop.go:999.3,1005.41 3 0
github.com/276793422/NemesisBot/module/agent/loop.go:1005.41,1021.81 5 0
github.com/276793422/NemesisBot/module/agent/loop.go:1021.81,1024.47 1 0
github.com/276793422/NemesisBot/module/agent/loop.go:1024.47,1030.6 1 0
github.com/276793422/NemesisBot/module/agent/loop.go:1033.4,1037.67 3 0
github.com/276793422/NemesisBot/module/agent/loop.go:1037.67,1045.30 2 0
github.com/276793422/NemesisBot/module/agent/loop.go:1045.30,1048.6 2 0
github.com/276793422/NemesisBot/module/agent/loop.go:1048.11,1052.6 1 0
github.com/276793422/NemesisBot/module/agent/loop.go:1053.5,1053.72 1 0
github.com/276793422/NemesisBot/module/agent/loop.go:1057.4,1057.75 1 0
github.com/276793422/NemesisBot/module/agent/loop.go:1057.75,1068.5 2 0
github.com/276793422/NemesisBot/module/agent/loop.go:1071.4,1072.52 2 0
github.com/276793422/NemesisBot/module/agent/loop.go:1072.52,1074.5 1 0
github.com/276793422/NemesisBot/module/agent/loop.go:1076.4,1084.65 3 0
github.com/276793422/NemesisBot/module/agent/loop.go:1088.3,1088.105 1 0
github.com/276793422/NemesisBot/module/agent/loop.go:1088.105,1094.4 1 0
github.com/276793422/NemesisBot/module/agent/loop.go:1097.2,1097.37 1 1
github.com/276793422/NemesisBot/module/agent/loop.go:1101.87,1103.48 1 1
github.com/276793422/NemesisBot/module/agent/loop.go:1103.48,1104.48 1 1
github.com/276793422/NemesisBot/module/agent/loop.go:1104.48,1106.4 1 1
github.com/276793422/NemesisBot/module/agent/loop.go:1108.2,1108.46 1 1
github.com/276793422/NemesisBot/module/agent/loop.go:1108.46,1109.48 1 1
github.com/276793422/NemesisBot/module/agent/loop.go:1109.48,1111.4 1 1
github.com/276793422/NemesisBot/module/agent/loop.go:1113.2,1113.49 1 1
github.com/276793422/NemesisBot/module/agent/loop.go:1113.49,1114.48 1 0
github.com/276793422/NemesisBot/module/agent/loop.go:1114.48,1116.4 1 0
github.com/276793422/NemesisBot/module/agent/loop.go:1121.95,1126.55 4 1
github.com/276793422/NemesisBot/module/agent/loop.go:1126.55,1128.77 2 1
github.com/276793422/NemesisBot/module/agent/loop.go:1128.77,1129.14 1 1
github.com/276793422/NemesisBot/module/agent/loop.go:1129.14,1131.46 2 1
github.com/276793422/NemesisBot/module/agent/loop.go:1131.46,1137.6 1 1
github.com/276793422/NemesisBot/module/agent/loop.go:1138.5,1138.43 1 1
github.com/276793422/NemesisBot/module/agent/loop.go:1146.80,1148.23 2 1
github.com/276793422/NemesisBot/module/agent/loop.go:1148.23,1150.3 1 1
github.com/276793422/NemesisBot/module/agent/loop.go:1155.2,1156.28 2 0
github.com/276793422/NemesisBot/module/agent/loop.go:1156.28,1158.3 1 0
github.com/276793422/NemesisBot/module/agent/loop.go:1161.2,1201.4 12 0
github.com/276793422/NemesisBot/module/agent/loop.go:1205.62,1209.18 3 1
github.com/276793422/NemesisBot/module/agent/loop.go:1209.18,1211.3 1 0
github.com/276793422/NemesisBot/module/agent/loop.go:1214.2,1229.13 5 1
github.com/276793422/NemesisBot/module/agent/loop.go:1233.64,1234.24 1 1
github.com/276793422/NemesisBot/module/agent/loop.go:1234.24,1236.3 1 0
github.com/276793422/NemesisBot/module/agent/loop.go:1238.2,1240.31 3 1
github.com/276793422/NemesisBot/module/agent/loop.go:1240.31,1242.29 2 1
github.com/276793422/NemesisBot/module/agent/loop.go:1242.29,1244.37 2 0
github.com/276793422/NemesisBot/module/agent/loop.go:1244.37,1246.27 2 0
github.com/276793422/NemesisBot/module/agent/loop.go:1246.27,1248.6 1 0
github.com/276793422/NemesisBot/module/agent/loop.go:1251.3,1251.24 1 1
github.com/276793422/NemesisBot/module/agent/loop.go:1251.24,1254.4 2 1
github.com/276793422/NemesisBot/module/agent/loop.go:1255.3,1255.27 1 1
github.com/276793422/NemesisBot/module/agent/loop.go:1255.27,1257.4 1 0
github.com/276793422/NemesisBot/module/agent/loop.go:1258.3,1258.17 1 1
github.com/276793422/NemesisBot/module/agent/loop.go:1260.2,1261.15 2 1
github.com/276793422/NemesisBot/module/agent/loop.go:1265.65,1266.21 1 1
github.com/276793422/NemesisBot/module/agent/loop.go:1266.21,1268.3 1 0
github.com/276793422/NemesisBot/module/agent/loop.go:1270.2,1272.29 3 1
github.com/276793422/NemesisBot/module/agent/loop.go:1272.29,1275.40 3 1
github.com/276793422/NemesisBot/module/agent/loop.go:1275.40,1277.4 1 1
github.com/276793422/NemesisBot/module/agent/loop.go:1279.2,1280.15 2 1
github.com/276793422/NemesisBot/module/agent/loop.go:1284.80,1292.23 5 1
github.com/276793422/NemesisBot/module/agent/loop.go:1292.23,1294.3 1 1
github.com/276793422/NemesisBot/module/agent/loop.go:1296.2,1303.32 5 1
github.com/276793422/NemesisBot/module/agent/loop.go:1303.32,1304.48 1 1
github.com/276793422/NemesisBot/module/agent/loop.go:1304.48,1305.12 1 0
github.com/276793422/NemesisBot/module/agent/loop.go:1307.3,1308.35 2 1
github.com/276793422/NemesisBot/module/agent/loop.go:1308.35,1310.12 2 1
github.com/276793422/NemesisBot/module/agent/loop.go:1312.3,1312.43 1 0
github.com/276793422/NemesisBot/module/agent/loop.go:1315.2,1315.29 1 1
github.com/276793422/NemesisBot/module/agent/loop.go:1315.29,1317.3 1 1
github.com/276793422/NemesisBot/module/agent/loop.go:1320.2,1321.29 2 0
github.com/276793422/NemesisBot/module/agent/loop.go:1321.29,1334.17 8 0
github.com/276793422/NemesisBot/module/agent/loop.go:1334.17,1336.4 1 0
github.com/276793422/NemesisBot/module/agent/loop.go:1336.9,1338.4 1 0
github.com/276793422/NemesisBot/module/agent/loop.go:1339.8,1341.3 1 0
github.com/276793422/NemesisBot/module/agent/loop.go:1343.2,1343.35 1 0
github.com/276793422/NemesisBot/module/agent/loop.go:1343.35,1345.3 1 0
github.com/276793422/NemesisBot/module/agent/loop.go:1347.2,1347.24 1 0
github.com/276793422/NemesisBot/module/agent/loop.go:1347.24,1351.3 3 0
github.com/276793422/NemesisBot/module/agent/loop.go:1355.147,1357.27 2 1
github.com/276793422/NemesisBot/module/agent/loop.go:1357.27,1359.3 1 0
github.com/276793422/NemesisBot/module/agent/loop.go:1360.2,1361.26 2 1
github.com/276793422/NemesisBot/module/agent/loop.go:1361.26,1363.3 1 1
github.com/276793422/NemesisBot/module/agent/loop.go:1365.2,1369.16 2 1
github.com/276793422/NemesisBot/module/agent/loop.go:1369.16,1371.3 1 0
github.com/276793422/NemesisBot/module/agent/loop.go:1372.2,1372.30 1 1
github.com/276793422/NemesisBot/module/agent/loop.go:1378.71,1380.29 2 1
github.com/276793422/NemesisBot/module/agent/loop.go:1380.29,1382.3 1 1
github.com/276793422/NemesisBot/module/agent/loop.go:1384.2,1384.27 1 1
github.com/276793422/NemesisBot/module/agent/loop.go:1387.96,1389.38 2 1
github.com/276793422/NemesisBot/module/agent/loop.go:1389.38,1391.3 1 1
github.com/276793422/NemesisBot/module/agent/loop.go:1393.2,1394.21 2 0
github.com/276793422/NemesisBot/module/agent/loop.go:1394.21,1396.3 1 0
github.com/276793422/NemesisBot/module/agent/loop.go:1398.2,1401.13 3 0
github.com/276793422/NemesisBot/module/agent/loop.go:1402.15,1403.20 1 0
github.com/276793422/NemesisBot/module/agent/loop.go:1403.20,1405.4 1 0
github.com/276793422/NemesisBot/module/agent/loop.go:1406.3,1406.18 1 0
github.com/276793422/NemesisBot/module/agent/loop.go:1407.16,1409.27 2 0
github.com/276793422/NemesisBot/module/agent/loop.go:1409.27,1411.5 1 0
github.com/276793422/NemesisBot/module/agent/loop.go:1412.4,1412.69 1 0
github.com/276793422/NemesisBot/module/agent/loop.go:1413.18,1414.64 1 0
github.com/276793422/NemesisBot/module/agent/loop.go:1415.17,1417.83 2 0
github.com/276793422/NemesisBot/module/agent/loop.go:1418.11,1419.64 1 0
github.com/276793422/NemesisBot/module/agent/loop.go:1422.15,1423.20 1 0
github.com/276793422/NemesisBot/module/agent/loop.go:1423.20,1425.4 1 0
github.com/276793422/NemesisBot/module/agent/loop.go:1426.3,1426.18 1 0
github.com/276793422/NemesisBot/module/agent/loop.go:1427.17,1428.72 1 0
github.com/276793422/NemesisBot/module/agent/loop.go:1429.19,1430.32 1 0
github.com/276793422/NemesisBot/module/agent/loop.go:1430.32,1432.5 1 0
github.com/276793422/NemesisBot/module/agent/loop.go:1433.4,1434.26 2 0
github.com/276793422/NemesisBot/module/agent/loop.go:1434.26,1436.5 1 0
github.com/276793422/NemesisBot/module/agent/loop.go:1437.4,1437.82 1 0
github.com/276793422/NemesisBot/module/agent/loop.go:1438.17,1440.83 2 0
github.com/276793422/NemesisBot/module/agent/loop.go:1441.11,1442.64 1 0
github.com/276793422/NemesisBot/module/agent/loop.go:1445.17,1446.39 1 0
github.com/276793422/NemesisBot/module/agent/loop.go:1446.39,1448.4 1 0
github.com/276793422/NemesisBot/module/agent/loop.go:1449.3,1452.17 3 0
github.com/276793422/NemesisBot/module/agent/loop.go:1453.16,1455.27 2 0
github.com/276793422/NemesisBot/module/agent/loop.go:1455.27,1457.5 1 0
github.com/276793422/NemesisBot/module/agent/loop.go:1458.4,1460.77 3 0
github.com/276793422/NemesisBot/module/agent/loop.go:1461.18,1462.32 1 0
github.com/276793422/NemesisBot/module/agent/loop.go:1462.32,1464.5 1 0
github.com/276793422/NemesisBot/module/agent/loop.go:1465.4,1465.83 1 0
github.com/276793422/NemesisBot/module/agent/loop.go:1465.83,1467.5 1 0
github.com/276793422/NemesisBot/module/agent/loop.go:1468.4,1468.68 1 0
github.com/276793422/NemesisBot/module/agent/loop.go:1469.11,1470.65 1 0
github.com/276793422/NemesisBot/module/agent/loop.go:1474.2,1474.18 1 0
github.com/276793422/NemesisBot/module/agent/loop.go:1478.61,1480.20 2 1
github.com/276793422/NemesisBot/module/agent/loop.go:1480.20,1482.3 1 1
github.com/276793422/NemesisBot/module/agent/loop.go:1483.2,1484.18 2 0
github.com/276793422/NemesisBot/module/agent/loop.go:1484.18,1485.27 1 0
github.com/276793422/NemesisBot/module/agent/loop.go:1485.27,1487.4 1 0
github.com/276793422/NemesisBot/module/agent/loop.go:1487.9,1489.4 1 0
github.com/276793422/NemesisBot/module/agent/loop.go:1491.2,1491.55 1 0
github.com/276793422/NemesisBot/module/agent/loop.go:1495.67,1498.40 3 1
github.com/276793422/NemesisBot/module/agent/loop.go:1498.40,1500.3 1 1
github.com/276793422/NemesisBot/module/agent/loop.go:1501.2,1501.59 1 0
github.com/276793422/NemesisBot/module/agent/loop.go:1506.96,1507.55 1 0
github.com/276793422/NemesisBot/module/agent/loop.go:1507.55,1509.3 1 0
github.com/276793422/NemesisBot/module/agent/loop.go:1511.2,1520.46 4 0
github.com/276793422/NemesisBot/module/agent/loop.go:1520.46,1522.10 1 0
github.com/276793422/NemesisBot/module/agent/loop.go:1522.10,1523.17 1 0
github.com/276793422/NemesisBot/module/agent/loop.go:1523.17,1524.33 1 0
github.com/276793422/NemesisBot/module/agent/loop.go:1524.33,1530.6 1 0
github.com/276793422/NemesisBot/module/agent/loop.go:1534.4,1541.18 2 0
github.com/276793422/NemesisBot/module/agent/loop.go:1541.18,1548.5 2 0
github.com/276793422/NemesisBot/module/agent/loop.go:1553.4,1554.29 2 0
github.com/276793422/NemesisBot/module/agent/loop.go:1554.29,1556.5 1 0
github.com/276793422/NemesisBot/module/agent/loop.go:1557.4,1560.18 4 0
github.com/276793422/NemesisBot/module/agent/loop.go:1560.18,1568.5 3 0
github.com/276793422/NemesisBot/module/agent/loop.go:1571.4,1572.18 2 0
github.com/276793422/NemesisBot/module/agent/loop.go:1572.18,1580.5 3 0
github.com/276793422/NemesisBot/module/agent/loop.go:1582.4,1587.7 2 0
github.com/276793422/NemesisBot/module/agent/loop.go:1591.2,1591.22 1 0
github.com/276793422/NemesisBot/module/agent/loop.go:1595.93,1606.16 3 0
github.com/276793422/NemesisBot/module/agent/loop.go:1606.16,1608.3 1 0
github.com/276793422/NemesisBot/module/agent/loop.go:1615.2,1619.12 3 0
github.com/276793422/NemesisBot/module/agent/memory.go:25.52,37.2 4 1
github.com/276793422/NemesisBot/module/agent/memory.go:40.46,45.2 4 1
github.com/276793422/NemesisBot/module/agent/memory.go:49.46,50.57 1 1
github.com/276793422/NemesisBot/module/agent/memory.go:50.57,52.3 1 1
github.com/276793422/NemesisBot/module/agent/memory.go:53.2,53.11 1 1
github.com/276793422/NemesisBot/module/agent/memory.go:57.60,59.2 1 1
github.com/276793422/NemesisBot/module/agent/memory.go:63.43,65.53 2 1
github.com/276793422/NemesisBot/module/agent/memory.go:65.53,67.3 1 1
github.com/276793422/NemesisBot/module/agent/memory.go:68.2,68.11 1 0
github.com/276793422/NemesisBot/module/agent/memory.go:73.58,81.53 5 1
github.com/276793422/NemesisBot/module/agent/memory.go:81.53,83.3 1 0
github.com/276793422/NemesisBot/module/agent/memory.go:85.2,86.27 2 1
github.com/276793422/NemesisBot/module/agent/memory.go:86.27,90.3 2 1
github.com/276793422/NemesisBot/module/agent/memory.go:90.8,93.3 1 0
github.com/276793422/NemesisBot/module/agent/memory.go:95.2,95.58 1 1
github.com/276793422/NemesisBot/module/agent/memory.go:100.61,103.28 2 1
github.com/276793422/NemesisBot/module/agent/memory.go:103.28,109.53 5 1
github.com/276793422/NemesisBot/module/agent/memory.go:109.53,111.4 1 0
github.com/276793422/NemesisBot/module/agent/memory.go:114.2,114.21 1 1
github.com/276793422/NemesisBot/module/agent/memory.go:114.21,116.3 1 1
github.com/276793422/NemesisBot/module/agent/memory.go:119.2,120.29 2 0
github.com/276793422/NemesisBot/module/agent/memory.go:120.29,121.12 1 0
github.com/276793422/NemesisBot/module/agent/memory.go:121.12,123.4 1 0
github.com/276793422/NemesisBot/module/agent/memory.go:124.3,124.17 1 0
github.com/276793422/NemesisBot/module/agent/memory.go:126.2,126.15 1 0
github.com/276793422/NemesisBot/module/agent/memory.go:131.50,136.20 3 1
github.com/276793422/NemesisBot/module/agent/memory.go:136.20,138.3 1 1
github.com/276793422/NemesisBot/module/agent/memory.go:141.2,142.23 2 1
github.com/276793422/NemesisBot/module/agent/memory.go:142.23,144.3 1 0
github.com/276793422/NemesisBot/module/agent/memory.go:146.2,146.21 1 1
github.com/276793422/NemesisBot/module/agent/memory.go:146.21,148.3 1 1
github.com/276793422/NemesisBot/module/agent/memory.go:151.2,152.29 2 1
github.com/276793422/NemesisBot/module/agent/memory.go:152.29,153.12 1 1
github.com/276793422/NemesisBot/module/agent/memory.go:153.12,155.4 1 0
github.com/276793422/NemesisBot/module/agent/memory.go:156.3,156.17 1 1
github.com/276793422/NemesisBot/module/agent/memory.go:158.2,158.46 1 1
github.com/276793422/NemesisBot/module/agent/registry.go:27.18,34.28 3 1
github.com/276793422/NemesisBot/module/agent/registry.go:34.28,42.3 4 1
github.com/276793422/NemesisBot/module/agent/registry.go:42.8,43.31 1 1
github.com/276793422/NemesisBot/module/agent/registry.go:43.31,55.4 5 1
github.com/276793422/NemesisBot/module/agent/registry.go:58.2,58.17 1 1
github.com/276793422/NemesisBot/module/agent/registry.go:62.73,68.2 5 1
github.com/276793422/NemesisBot/module/agent/registry.go:71.86,73.2 1 1
github.com/276793422/NemesisBot/module/agent/registry.go:76.49,80.27 4 1
github.com/276793422/NemesisBot/module/agent/registry.go:80.27,82.3 1 1
github.com/276793422/NemesisBot/module/agent/registry.go:83.2,83.12 1 1
github.com/276793422/NemesisBot/module/agent/registry.go:87.84,89.9 2 1
github.com/276793422/NemesisBot/module/agent/registry.go:89.9,91.3 1 1
github.com/276793422/NemesisBot/module/agent/registry.go:92.2,92.68 1 1
github.com/276793422/NemesisBot/module/agent/registry.go:92.68,94.3 1 1
github.com/276793422/NemesisBot/module/agent/registry.go:95.2,96.55 2 1
github.com/276793422/NemesisBot/module/agent/registry.go:96.55,97.21 1 1
github.com/276793422/NemesisBot/module/agent/registry.go:97.21,99.4 1 1
github.com/276793422/NemesisBot/module/agent/registry.go:100.3,100.54 1 1
github.com/276793422/NemesisBot/module/agent/registry.go:100.54,102.4 1 1
github.com/276793422/NemesisBot/module/agent/registry.go:104.2,104.14 1 1
github.com/276793422/NemesisBot/module/agent/registry.go:108.58,111.39 3 1
github.com/276793422/NemesisBot/module/agent/registry.go:111.39,113.3 1 1
github.com/276793422/NemesisBot/module/agent/registry.go:114.2,114.33 1 1
github.com/276793422/NemesisBot/module/agent/registry.go:114.33,116.3 1 1
github.com/276793422/NemesisBot/module/agent/registry.go:117.2,117.12 1 0
github.com/276793422/NemesisBot/module/agent/request_logger.go:47.42,49.2 1 1
github.com/276793422/NemesisBot/module/agent/request_logger.go:51.33,53.2 1 1
github.com/276793422/NemesisBot/module/agent/request_logger.go:55.35,57.2 1 1
github.com/276793422/NemesisBot/module/agent/request_logger.go:144.83,145.54 1 1
github.com/276793422/NemesisBot/module/agent/request_logger.go:145.54,147.3 1 1
github.com/276793422/NemesisBot/module/agent/request_logger.go:150.2,159.3 2 1
github.com/276793422/NemesisBot/module/agent/request_logger.go:166.54,173.80 3 1
github.com/276793422/NemesisBot/module/agent/request_logger.go:173.80,176.3 1 1
github.com/276793422/NemesisBot/module/agent/request_logger.go:176.8,179.3 1 1
github.com/276793422/NemesisBot/module/agent/request_logger.go:182.2,182.38 1 1
github.com/276793422/NemesisBot/module/agent/request_logger.go:182.38,184.71 2 1
github.com/276793422/NemesisBot/module/agent/request_logger.go:184.71,186.4 1 1
github.com/276793422/NemesisBot/module/agent/request_logger.go:186.9,188.4 1 0
github.com/276793422/NemesisBot/module/agent/request_logger.go:191.2,191.17 1 1
github.com/276793422/NemesisBot/module/agent/request_logger.go:195.43,197.2 1 1
github.com/276793422/NemesisBot/module/agent/request_logger.go:200.48,201.17 1 1
github.com/276793422/NemesisBot/module/agent/request_logger.go:201.17,203.3 1 1
github.com/276793422/NemesisBot/module/agent/request_logger.go:206.2,206.54 1 1
github.com/276793422/NemesisBot/module/agent/request_logger.go:206.54,210.3 3 0
github.com/276793422/NemesisBot/module/agent/request_logger.go:213.2,217.57 4 1
github.com/276793422/NemesisBot/module/agent/request_logger.go:217.57,221.3 3 0
github.com/276793422/NemesisBot/module/agent/request_logger.go:223.2,223.12 1 1
github.com/276793422/NemesisBot/module/agent/request_logger.go:227.45,228.17 1 1
github.com/276793422/NemesisBot/module/agent/request_logger.go:228.17,230.3 1 0
github.com/276793422/NemesisBot/module/agent/request_logger.go:231.2,232.42 2 1
github.com/276793422/NemesisBot/module/agent/request_logger.go:236.69,237.17 1 1
github.com/276793422/NemesisBot/module/agent/request_logger.go:237.17,239.3 1 1
github.com/276793422/NemesisBot/module/agent/request_logger.go:241.2,261.40 4 1
github.com/276793422/NemesisBot/module/agent/request_logger.go:265.67,266.17 1 1
github.com/276793422/NemesisBot/module/agent/request_logger.go:266.17,268.3 1 0
github.com/276793422/NemesisBot/module/agent/request_logger.go:270.2,281.29 8 1
github.com/276793422/NemesisBot/module/agent/request_logger.go:281.29,283.3 1 1
github.com/276793422/NemesisBot/module/agent/request_logger.go:284.2,285.24 2 1
github.com/276793422/NemesisBot/module/agent/request_logger.go:285.24,287.3 1 1
github.com/276793422/NemesisBot/module/agent/request_logger.go:288.2,288.23 1 1
github.com/276793422/NemesisBot/module/agent/request_logger.go:288.23,290.3 1 1
github.com/276793422/NemesisBot/module/agent/request_logger.go:291.2,294.31 2 1
github.com/276793422/NemesisBot/module/agent/request_logger.go:294.31,298.3 3 1
github.com/276793422/NemesisBot/module/agent/request_logger.go:301.2,302.28 2 1
github.com/276793422/NemesisBot/module/agent/request_logger.go:302.28,303.43 1 1
github.com/276793422/NemesisBot/module/agent/request_logger.go:303.43,305.4 1 1
github.com/276793422/NemesisBot/module/agent/request_logger.go:307.2,310.36 2 1
github.com/276793422/NemesisBot/module/agent/request_logger.go:310.36,312.49 2 1
github.com/276793422/NemesisBot/module/agent/request_logger.go:312.49,317.34 5 1
github.com/276793422/NemesisBot/module/agent/request_logger.go:317.34,319.5 1 1
github.com/276793422/NemesisBot/module/agent/request_logger.go:320.4,320.29 1 1
github.com/276793422/NemesisBot/module/agent/request_logger.go:325.2,326.36 2 1
github.com/276793422/NemesisBot/module/agent/request_logger.go:326.36,329.29 2 1
github.com/276793422/NemesisBot/module/agent/request_logger.go:329.29,331.37 2 0
github.com/276793422/NemesisBot/module/agent/request_logger.go:331.37,335.5 3 0
github.com/276793422/NemesisBot/module/agent/request_logger.go:338.3,338.24 1 1
github.com/276793422/NemesisBot/module/agent/request_logger.go:338.24,340.93 2 1
github.com/276793422/NemesisBot/module/agent/request_logger.go:340.93,342.5 1 1
github.com/276793422/NemesisBot/module/agent/request_logger.go:343.4,343.57 1 1
github.com/276793422/NemesisBot/module/agent/request_logger.go:348.2,348.25 1 1
github.com/276793422/NemesisBot/module/agent/request_logger.go:348.25,350.35 2 1
github.com/276793422/NemesisBot/module/agent/request_logger.go:350.35,351.31 1 1
github.com/276793422/NemesisBot/module/agent/request_logger.go:351.31,352.13 1 0
github.com/276793422/NemesisBot/module/agent/request_logger.go:354.4,355.39 2 1
github.com/276793422/NemesisBot/module/agent/request_logger.go:355.39,357.5 1 0
github.com/276793422/NemesisBot/module/agent/request_logger.go:358.4,358.41 1 1
github.com/276793422/NemesisBot/module/agent/request_logger.go:358.41,361.93 3 1
github.com/276793422/NemesisBot/module/agent/request_logger.go:361.93,363.6 1 1
github.com/276793422/NemesisBot/module/agent/request_logger.go:364.5,364.87 1 1
github.com/276793422/NemesisBot/module/agent/request_logger.go:366.4,366.29 1 1
github.com/276793422/NemesisBot/module/agent/request_logger.go:370.2,370.49 1 1
github.com/276793422/NemesisBot/module/agent/request_logger.go:374.69,375.17 1 1
github.com/276793422/NemesisBot/module/agent/request_logger.go:375.17,377.3 1 0
github.com/276793422/NemesisBot/module/agent/request_logger.go:379.2,390.24 8 1
github.com/276793422/NemesisBot/module/agent/request_logger.go:390.24,392.93 2 1
github.com/276793422/NemesisBot/module/agent/request_logger.go:392.93,394.4 1 0
github.com/276793422/NemesisBot/module/agent/request_logger.go:395.3,395.77 1 1
github.com/276793422/NemesisBot/module/agent/request_logger.go:399.2,399.29 1 1
github.com/276793422/NemesisBot/module/agent/request_logger.go:399.29,401.37 2 1
github.com/276793422/NemesisBot/module/agent/request_logger.go:401.37,406.4 4 1
github.com/276793422/NemesisBot/module/agent/request_logger.go:410.2,410.23 1 1
github.com/276793422/NemesisBot/module/agent/request_logger.go:410.23,415.3 4 1
github.com/276793422/NemesisBot/module/agent/request_logger.go:418.2,421.49 3 1
github.com/276793422/NemesisBot/module/agent/request_logger.go:425.76,426.17 1 1
github.com/276793422/NemesisBot/module/agent/request_logger.go:426.17,428.3 1 0
github.com/276793422/NemesisBot/module/agent/request_logger.go:430.2,430.31 1 1
github.com/276793422/NemesisBot/module/agent/request_logger.go:430.31,432.3 1 1
github.com/276793422/NemesisBot/module/agent/request_logger.go:434.2,444.37 8 1
github.com/276793422/NemesisBot/module/agent/request_logger.go:444.37,447.20 2 1
github.com/276793422/NemesisBot/module/agent/request_logger.go:447.20,449.4 1 1
github.com/276793422/NemesisBot/module/agent/request_logger.go:451.3,453.26 2 1
github.com/276793422/NemesisBot/module/agent/request_logger.go:453.26,456.90 3 1
github.com/276793422/NemesisBot/module/agent/request_logger.go:456.90,458.5 1 0
github.com/276793422/NemesisBot/module/agent/request_logger.go:459.4,459.84 1 1
github.com/276793422/NemesisBot/module/agent/request_logger.go:462.3,462.49 1 1
github.com/276793422/NemesisBot/module/agent/request_logger.go:462.49,465.92 3 1
github.com/276793422/NemesisBot/module/agent/request_logger.go:465.92,467.5 1 0
github.com/276793422/NemesisBot/module/agent/request_logger.go:468.4,468.83 1 1
github.com/276793422/NemesisBot/module/agent/request_logger.go:471.3,471.21 1 1
github.com/276793422/NemesisBot/module/agent/request_logger.go:471.21,473.4 1 1
github.com/276793422/NemesisBot/module/agent/request_logger.go:475.3,475.22 1 1
github.com/276793422/NemesisBot/module/agent/request_logger.go:475.22,477.4 1 1
github.com/276793422/NemesisBot/module/agent/request_logger.go:479.3,479.33 1 1
github.com/276793422/NemesisBot/module/agent/request_logger.go:482.2,482.49 1 1
github.com/276793422/NemesisBot/module/agent/request_logger.go:486.73,487.17 1 1
github.com/276793422/NemesisBot/module/agent/request_logger.go:487.17,489.3 1 0
github.com/276793422/NemesisBot/module/agent/request_logger.go:491.2,519.40 4 1
github.com/276793422/NemesisBot/module/agent/request_logger.go:523.68,524.17 1 1
github.com/276793422/NemesisBot/module/agent/request_logger.go:524.17,526.3 1 0
github.com/276793422/NemesisBot/module/agent/request_logger.go:528.2,532.70 4 1
github.com/276793422/NemesisBot/module/agent/request_logger.go:532.70,536.3 2 0
github.com/276793422/NemesisBot/module/agent/request_logger.go:538.2,538.12 1 1
github.com/276793422/NemesisBot/module/agent/request_logger.go:542.36,543.15 1 1
github.com/276793422/NemesisBot/module/agent/request_logger.go:543.15,545.3 1 1
github.com/276793422/NemesisBot/module/agent/request_logger.go:548.2,551.19 2 1
github.com/276793422/NemesisBot/module/agent/request_logger.go:551.19,553.3 1 1
github.com/276793422/NemesisBot/module/agent/request_logger.go:556.2,556.43 1 1
github.com/276793422/NemesisBot/module/agent/request_logger.go:560.54,561.23 1 1
github.com/276793422/NemesisBot/module/agent/request_logger.go:561.23,563.3 1 0
github.com/276793422/NemesisBot/module/agent/request_logger.go:565.2,567.34 3 1
github.com/276793422/NemesisBot/module/agent/request_logger.go:567.34,569.3 1 1
github.com/276793422/NemesisBot/module/agent/request_logger.go:570.2,571.25 2 1
github.com/276793422/NemesisBot/module/agent/request_logger.go:575.78,576.17 1 1
github.com/276793422/NemesisBot/module/agent/request_logger.go:576.17,578.3 1 0
github.com/276793422/NemesisBot/module/agent/request_logger.go:580.2,581.16 2 1
github.com/276793422/NemesisBot/module/agent/request_logger.go:581.16,583.3 1 0
github.com/276793422/NemesisBot/module/agent/request_logger.go:585.2,586.77 2 1
github.com/276793422/NemesisBot/module/agent/request_logger.go:586.77,588.3 1 0
github.com/276793422/NemesisBot/module/agent/request_logger.go:590.2,590.16 1 1
github.com/276793422/NemesisBot/module/agent/request_logger.go:594.48,595.16 1 1
github.com/276793422/NemesisBot/module/agent/request_logger.go:596.19,597.26 1 1
github.com/276793422/NemesisBot/module/agent/request_logger.go:598.20,599.22 1 1
github.com/276793422/NemesisBot/module/agent/request_logger.go:600.19,601.21 1 0
github.com/276793422/NemesisBot/module/agent/request_logger.go:602.22,603.29 1 0
github.com/276793422/NemesisBot/module/agent/request_logger.go:604.10,605.61 1 0
github.com/276793422/NemesisBot/module/agent/request_logger.go:610.44,611.16 1 1
github.com/276793422/NemesisBot/module/agent/request_logger.go:612.19,613.16 1 1
github.com/276793422/NemesisBot/module/agent/request_logger.go:614.33,615.16 1 1
github.com/276793422/NemesisBot/module/agent/request_logger.go:616.22,617.19 1 0
github.com/276793422/NemesisBot/module/agent/request_logger.go:618.10,619.16 1 0
github.com/276793422/NemesisBot/module/agent/request_logger.go:624.35,627.2 0 1
github.com/276793422/NemesisBot/module/config/config.go:23.64,26.50 2 1
github.com/276793422/NemesisBot/module/config/config.go:26.50,29.3 2 1
github.com/276793422/NemesisBot/module/config/config.go:32.2,33.51 2 1
github.com/276793422/NemesisBot/module/config/config.go:33.51,35.3 1 0
github.com/276793422/NemesisBot/module/config/config.go:37.2,38.24 2 1
github.com/276793422/NemesisBot/module/config/config.go:38.24,39.26 1 1
github.com/276793422/NemesisBot/module/config/config.go:40.15,41.32 1 1
github.com/276793422/NemesisBot/module/config/config.go:42.16,43.53 1 1
github.com/276793422/NemesisBot/module/config/config.go:44.11,45.51 1 1
github.com/276793422/NemesisBot/module/config/config.go:48.2,49.12 2 1
github.com/276793422/NemesisBot/module/config/config.go:64.45,75.2 3 1
github.com/276793422/NemesisBot/module/config/config.go:88.99,99.2 8 1
github.com/276793422/NemesisBot/module/config/config.go:104.54,110.16 4 0
github.com/276793422/NemesisBot/module/config/config.go:110.16,112.3 1 0
github.com/276793422/NemesisBot/module/config/config.go:113.2,117.16 3 0
github.com/276793422/NemesisBot/module/config/config.go:117.16,119.3 1 0
github.com/276793422/NemesisBot/module/config/config.go:120.2,125.16 4 0
github.com/276793422/NemesisBot/module/config/config.go:125.16,127.3 1 0
github.com/276793422/NemesisBot/module/config/config.go:128.2,132.16 3 0
github.com/276793422/NemesisBot/module/config/config.go:132.16,134.3 1 0
github.com/276793422/NemesisBot/module/config/config.go:135.2,139.16 3 0
github.com/276793422/NemesisBot/module/config/config.go:139.16,141.3 1 0
github.com/276793422/NemesisBot/module/config/config.go:142.2,144.12 2 0
github.com/276793422/NemesisBot/module/config/config.go:153.44,160.27 4 1
github.com/276793422/NemesisBot/module/config/config.go:160.27,162.3 1 0
github.com/276793422/NemesisBot/module/config/config.go:164.2,165.57 2 1
github.com/276793422/NemesisBot/module/config/config.go:165.57,167.3 1 0
github.com/276793422/NemesisBot/module/config/config.go:170.2,175.17 3 1
github.com/276793422/NemesisBot/module/config/config.go:207.61,209.49 2 1
github.com/276793422/NemesisBot/module/config/config.go:209.49,213.3 3 1
github.com/276793422/NemesisBot/module/config/config.go:214.2,219.49 3 1
github.com/276793422/NemesisBot/module/config/config.go:219.49,221.3 1 0
github.com/276793422/NemesisBot/module/config/config.go:222.2,224.12 3 1
github.com/276793422/NemesisBot/module/config/config.go:227.57,228.46 1 1
github.com/276793422/NemesisBot/module/config/config.go:228.46,230.3 1 1
github.com/276793422/NemesisBot/module/config/config.go:231.2,235.70 2 1
github.com/276793422/NemesisBot/module/config/config.go:463.40,464.23 1 1
github.com/276793422/NemesisBot/module/config/config.go:464.23,466.3 1 1
github.com/276793422/NemesisBot/module/config/config.go:467.2,467.19 1 1
github.com/276793422/NemesisBot/module/config/config.go:467.19,469.3 1 1
github.com/276793422/NemesisBot/module/config/config.go:470.2,470.12 1 1
github.com/276793422/NemesisBot/module/config/config.go:619.30,770.2 3 1
github.com/276793422/NemesisBot/module/config/config.go:788.47,792.16 3 1
github.com/276793422/NemesisBot/module/config/config.go:792.16,793.25 1 0
github.com/276793422/NemesisBot/module/config/config.go:793.25,799.28 4 0
github.com/276793422/NemesisBot/module/config/config.go:799.28,801.60 2 0
github.com/276793422/NemesisBot/module/config/config.go:801.60,804.6 1 0
github.com/276793422/NemesisBot/module/config/config.go:805.10,807.5 1 0
github.com/276793422/NemesisBot/module/config/config.go:809.4,812.19 3 0
github.com/276793422/NemesisBot/module/config/config.go:814.3,814.18 1 0
github.com/276793422/NemesisBot/module/config/config.go:817.2,818.50 2 1
github.com/276793422/NemesisBot/module/config/config.go:818.50,820.3 1 1
github.com/276793422/NemesisBot/module/config/config.go:822.2,822.39 1 1
github.com/276793422/NemesisBot/module/config/config.go:822.39,824.3 1 0
github.com/276793422/NemesisBot/module/config/config.go:827.2,832.17 3 1
github.com/276793422/NemesisBot/module/config/config.go:850.55,857.42 3 1
github.com/276793422/NemesisBot/module/config/config.go:857.42,860.48 2 0
github.com/276793422/NemesisBot/module/config/config.go:860.48,868.59 3 0
github.com/276793422/NemesisBot/module/config/config.go:868.59,871.5 1 0
github.com/276793422/NemesisBot/module/config/config.go:874.4,874.52 1 0
github.com/276793422/NemesisBot/module/config/config.go:874.52,875.37 1 0
github.com/276793422/NemesisBot/module/config/config.go:875.37,877.6 1 0
github.com/276793422/NemesisBot/module/config/config.go:882.2,883.16 2 1
github.com/276793422/NemesisBot/module/config/config.go:883.16,885.3 1 0
github.com/276793422/NemesisBot/module/config/config.go:887.2,888.47 2 1
github.com/276793422/NemesisBot/module/config/config.go:888.47,890.3 1 0
github.com/276793422/NemesisBot/module/config/config.go:892.2,892.45 1 1
github.com/276793422/NemesisBot/module/config/config.go:895.41,899.2 3 1
github.com/276793422/NemesisBot/module/config/config.go:902.77,907.29 3 1
github.com/276793422/NemesisBot/module/config/config.go:907.29,908.43 1 1
github.com/276793422/NemesisBot/module/config/config.go:908.43,910.4 1 1
github.com/276793422/NemesisBot/module/config/config.go:914.2,914.29 1 1
github.com/276793422/NemesisBot/module/config/config.go:914.29,915.39 1 1
github.com/276793422/NemesisBot/module/config/config.go:915.39,917.4 1 1
github.com/276793422/NemesisBot/module/config/config.go:920.2,920.70 1 1
github.com/276793422/NemesisBot/module/config/config.go:925.73,930.29 3 1
github.com/276793422/NemesisBot/module/config/config.go:930.29,931.44 1 1
github.com/276793422/NemesisBot/module/config/config.go:931.44,933.4 1 1
github.com/276793422/NemesisBot/module/config/config.go:936.2,936.71 1 1
github.com/276793422/NemesisBot/module/config/config.go:941.53,943.16 2 1
github.com/276793422/NemesisBot/module/config/config.go:943.16,944.25 1 0
github.com/276793422/NemesisBot/module/config/config.go:944.25,950.28 4 0
github.com/276793422/NemesisBot/module/config/config.go:950.28,952.49 2 0
github.com/276793422/NemesisBot/module/config/config.go:952.49,954.6 1 0
github.com/276793422/NemesisBot/module/config/config.go:957.4,961.10 1 0
github.com/276793422/NemesisBot/module/config/config.go:963.3,963.18 1 0
github.com/276793422/NemesisBot/module/config/config.go:966.2,967.51 2 1
github.com/276793422/NemesisBot/module/config/config.go:967.51,969.3 1 1
github.com/276793422/NemesisBot/module/config/config.go:971.2,971.18 1 1
github.com/276793422/NemesisBot/module/config/config.go:975.55,977.16 2 1
github.com/276793422/NemesisBot/module/config/config.go:977.16,979.3 1 0
github.com/276793422/NemesisBot/module/config/config.go:981.2,982.47 2 1
github.com/276793422/NemesisBot/module/config/config.go:982.47,984.3 1 0
github.com/276793422/NemesisBot/module/config/config.go:986.2,986.39 1 1
github.com/276793422/NemesisBot/module/config/config.go:991.63,993.16 2 0
github.com/276793422/NemesisBot/module/config/config.go:993.16,994.25 1 0
github.com/276793422/NemesisBot/module/config/config.go:994.25,1000.28 4 0
github.com/276793422/NemesisBot/module/config/config.go:1000.28,1002.49 2 0
github.com/276793422/NemesisBot/module/config/config.go:1002.49,1004.6 1 0
github.com/276793422/NemesisBot/module/config/config.go:1007.4,1013.10 1 0
github.com/276793422/NemesisBot/module/config/config.go:1015.3,1015.18 1 0
github.com/276793422/NemesisBot/module/config/config.go:1018.2,1019.51 2 0
github.com/276793422/NemesisBot/module/config/config.go:1019.51,1021.3 1 0
github.com/276793422/NemesisBot/module/config/config.go:1023.2,1023.18 1 0
github.com/276793422/NemesisBot/module/config/config.go:1027.65,1029.16 2 0
github.com/276793422/NemesisBot/module/config/config.go:1029.16,1031.3 1 0
github.com/276793422/NemesisBot/module/config/config.go:1033.2,1034.47 2 0
github.com/276793422/NemesisBot/module/config/config.go:1034.47,1036.3 1 0
github.com/276793422/NemesisBot/module/config/config.go:1038.2,1038.39 1 0
github.com/276793422/NemesisBot/module/config/config.go:1111.63,1113.16 2 1
github.com/276793422/NemesisBot/module/config/config.go:1113.16,1114.25 1 1
github.com/276793422/NemesisBot/module/config/config.go:1114.25,1120.28 4 1
github.com/276793422/NemesisBot/module/config/config.go:1120.28,1122.49 2 0
github.com/276793422/NemesisBot/module/config/config.go:1122.49,1124.6 1 0
github.com/276793422/NemesisBot/module/config/config.go:1127.4,1196.10 1 1
github.com/276793422/NemesisBot/module/config/config.go:1198.3,1198.18 1 0
github.com/276793422/NemesisBot/module/config/config.go:1201.2,1202.51 2 1
github.com/276793422/NemesisBot/module/config/config.go:1202.51,1204.3 1 1
github.com/276793422/NemesisBot/module/config/config.go:1206.2,1206.18 1 1
github.com/276793422/NemesisBot/module/config/config.go:1210.65,1212.16 2 1
github.com/276793422/NemesisBot/module/config/config.go:1212.16,1214.3 1 0
github.com/276793422/NemesisBot/module/config/config.go:1216.2,1217.47 2 1
github.com/276793422/NemesisBot/module/config/config.go:1217.47,1219.3 1 0
github.com/276793422/NemesisBot/module/config/config.go:1221.2,1221.39 1 1
github.com/276793422/NemesisBot/module/config/config.go:1225.48,1227.41 1 1
github.com/276793422/NemesisBot/module/config/config.go:1227.41,1229.3 1 1
github.com/276793422/NemesisBot/module/config/config.go:1229.8,1231.3 1 1
github.com/276793422/NemesisBot/module/config/config.go:1234.2,1234.42 1 1
github.com/276793422/NemesisBot/module/config/config.go:1234.42,1236.3 1 1
github.com/276793422/NemesisBot/module/config/config.go:1236.8,1238.3 1 1
github.com/276793422/NemesisBot/module/config/config.go:1243.46,1259.24 6 1
github.com/276793422/NemesisBot/module/config/config.go:1259.24,1261.3 1 0
github.com/276793422/NemesisBot/module/config/config.go:1264.2,1264.76 1 1
github.com/276793422/NemesisBot/module/config/config.go:1264.76,1266.3 1 0
github.com/276793422/NemesisBot/module/config/platform.go:12.49,13.22 1 1
github.com/276793422/NemesisBot/module/config/platform.go:14.17,15.40 1 1
github.com/276793422/NemesisBot/module/config/platform.go:16.15,17.38 1 0
github.com/276793422/NemesisBot/module/config/platform.go:18.16,19.39 1 0
github.com/276793422/NemesisBot/module/config/platform.go:20.10,21.38 1 0
github.com/276793422/NemesisBot/module/config/platform.go:26.38,27.22 1 1
github.com/276793422/NemesisBot/module/config/platform.go:28.17,29.19 1 1
github.com/276793422/NemesisBot/module/config/platform.go:30.15,31.17 1 0
github.com/276793422/NemesisBot/module/config/platform.go:32.16,33.17 1 0
github.com/276793422/NemesisBot/module/config/platform.go:34.10,35.51 1 0
github.com/276793422/NemesisBot/module/config/platform.go:40.31,42.2 1 1
github.com/276793422/NemesisBot/module/config/provider_resolver.go:40.84,41.16 1 1
github.com/276793422/NemesisBot/module/config/provider_resolver.go:41.16,43.3 1 1
github.com/276793422/NemesisBot/module/config/provider_resolver.go:45.2,46.20 2 1
github.com/276793422/NemesisBot/module/config/provider_resolver.go:46.20,48.3 1 1
github.com/276793422/NemesisBot/module/config/provider_resolver.go:51.2,51.31 1 1
github.com/276793422/NemesisBot/module/config/provider_resolver.go:51.31,52.45 1 1
github.com/276793422/NemesisBot/module/config/provider_resolver.go:52.45,54.4 1 1
github.com/276793422/NemesisBot/module/config/provider_resolver.go:58.2,58.37 1 1
github.com/276793422/NemesisBot/module/config/provider_resolver.go:58.37,60.32 1 1
github.com/276793422/NemesisBot/module/config/provider_resolver.go:60.32,61.42 1 1
github.com/276793422/NemesisBot/module/config/provider_resolver.go:61.42,63.5 1 1
[...]
github.com/276793422/NemesisBot/module/tools/skills_install.go:120.2,120.12 1 0
github.com/276793422/NemesisBot/module/tools/skills_install.go:120.12,121.69 1 0
github.com/276793422/NemesisBot/module/tools/skills_install.go:121.69,124.4 1 0
github.com/276793422/NemesisBot/module/tools/skills_install.go:128.2,129.16 2 0
github.com/276793422/NemesisBot/module/tools/skills_install.go:129.16,131.3 1 0
github.com/276793422/NemesisBot/module/tools/skills_install.go:133.2,133.117 1 0
github.com/276793422/NemesisBot/module/tools/skills_search.go:22.114,27.2 1 0
github.com/276793422/NemesisBot/module/tools/skills_search.go:30.40,32.2 1 0
github.com/276793422/NemesisBot/module/tools/skills_search.go:35.47,37.2 1 0
github.com/276793422/NemesisBot/module/tools/skills_search.go:40.62,57.2 1 0
github.com/276793422/NemesisBot/module/tools/skills_search.go:60.96,65.49 3 0
github.com/276793422/NemesisBot/module/tools/skills_search.go:65.49,67.16 2 0
github.com/276793422/NemesisBot/module/tools/skills_search.go:67.16,69.4 1 0
github.com/276793422/NemesisBot/module/tools/skills_search.go:69.9,69.24 1 0
github.com/276793422/NemesisBot/module/tools/skills_search.go:69.24,71.4 1 0
github.com/276793422/NemesisBot/module/tools/skills_search.go:75.2,75.30 1 0
github.com/276793422/NemesisBot/module/tools/skills_search.go:75.30,77.3 1 0
github.com/276793422/NemesisBot/module/tools/skills_search.go:80.2,81.16 2 0
github.com/276793422/NemesisBot/module/tools/skills_search.go:81.16,83.3 1 0
github.com/276793422/NemesisBot/module/tools/skills_search.go:86.2,86.23 1 0
github.com/276793422/NemesisBot/module/tools/skills_search.go:86.23,88.3 1 0
github.com/276793422/NemesisBot/module/tools/skills_search.go:91.2,91.42 1 0
github.com/276793422/NemesisBot/module/tools/skills_search.go:91.42,93.3 1 0
github.com/276793422/NemesisBot/module/tools/skills_search.go:96.2,99.33 3 0
github.com/276793422/NemesisBot/module/tools/skills_search.go:99.33,101.27 2 0
github.com/276793422/NemesisBot/module/tools/skills_search.go:101.27,103.4 1 0
github.com/276793422/NemesisBot/module/tools/skills_search.go:104.3,106.31 2 0
github.com/276793422/NemesisBot/module/tools/skills_search.go:106.31,108.4 1 0
github.com/276793422/NemesisBot/module/tools/skills_search.go:110.3,110.27 1 0
github.com/276793422/NemesisBot/module/tools/skills_search.go:110.27,112.4 1 0
github.com/276793422/NemesisBot/module/tools/skills_search.go:116.2,116.26 1 0
github.com/276793422/NemesisBot/module/tools/skills_search.go:116.26,118.21 2 0
github.com/276793422/NemesisBot/module/tools/skills_search.go:118.21,121.4 1 0
github.com/276793422/NemesisBot/module/tools/skills_search.go:124.2,124.39 1 0
github.com/276793422/NemesisBot/module/tools/spawn.go:19.56,25.2 1 0
github.com/276793422/NemesisBot/module/tools/spawn.go:28.51,30.2 1 1
github.com/276793422/NemesisBot/module/tools/spawn.go:32.35,34.2 1 1
github.com/276793422/NemesisBot/module/tools/spawn.go:36.42,38.2 1 1
github.com/276793422/NemesisBot/module/tools/spawn.go:40.57,59.2 1 1
github.com/276793422/NemesisBot/module/tools/spawn.go:61.56,64.2 2 1
github.com/276793422/NemesisBot/module/tools/spawn.go:66.80,68.2 1 1
github.com/276793422/NemesisBot/module/tools/spawn.go:70.91,72.9 2 1
github.com/276793422/NemesisBot/module/tools/spawn.go:72.9,74.3 1 1
github.com/276793422/NemesisBot/module/tools/spawn.go:76.2,80.46 3 1
github.com/276793422/NemesisBot/module/tools/spawn.go:80.46,81.33 1 0
github.com/276793422/NemesisBot/module/tools/spawn.go:81.33,83.4 1 0
github.com/276793422/NemesisBot/module/tools/spawn.go:86.2,86.22 1 1
github.com/276793422/NemesisBot/module/tools/spawn.go:86.22,88.3 1 1
github.com/276793422/NemesisBot/module/tools/spawn.go:91.2,92.16 2 0
github.com/276793422/NemesisBot/module/tools/spawn.go:92.16,94.3 1 0
github.com/276793422/NemesisBot/module/tools/spawn.go:97.2,98.17 2 0
github.com/276793422/NemesisBot/module/tools/spawn.go:98.17,100.3 1 0
github.com/276793422/NemesisBot/module/tools/spawn.go:100.8,102.3 1 0
github.com/276793422/NemesisBot/module/tools/spawn.go:105.2,105.25 1 0
github.com/276793422/NemesisBot/module/tools/spi.go:18.28,20.2 1 1
github.com/276793422/NemesisBot/module/tools/spi.go:22.33,24.2 1 1
github.com/276793422/NemesisBot/module/tools/spi.go:26.40,28.2 1 1
github.com/276793422/NemesisBot/module/tools/spi.go:30.55,71.2 1 1
github.com/276793422/NemesisBot/module/tools/spi.go:73.89,74.29 1 1
github.com/276793422/NemesisBot/module/tools/spi.go:74.29,76.3 1 1
github.com/276793422/NemesisBot/module/tools/spi.go:78.2,79.9 2 0
github.com/276793422/NemesisBot/module/tools/spi.go:79.9,81.3 1 0
github.com/276793422/NemesisBot/module/tools/spi.go:83.2,83.16 1 0
github.com/276793422/NemesisBot/module/tools/spi.go:84.14,85.18 1 0
github.com/276793422/NemesisBot/module/tools/spi.go:86.18,87.26 1 0
github.com/276793422/NemesisBot/module/tools/spi.go:88.14,89.28 1 0
github.com/276793422/NemesisBot/module/tools/spi.go:90.10,91.94 1 0
github.com/276793422/NemesisBot/module/tools/spi.go:96.38,98.16 2 0
github.com/276793422/NemesisBot/module/tools/spi.go:98.16,100.3 1 0
github.com/276793422/NemesisBot/module/tools/spi.go:102.2,102.23 1 0
github.com/276793422/NemesisBot/module/tools/spi.go:102.23,104.3 1 0
github.com/276793422/NemesisBot/module/tools/spi.go:106.2,113.28 4 0
github.com/276793422/NemesisBot/module/tools/spi.go:113.28,114.50 1 0
github.com/276793422/NemesisBot/module/tools/spi.go:114.50,116.4 1 0
github.com/276793422/NemesisBot/module/tools/spi.go:119.2,120.95 2 0
github.com/276793422/NemesisBot/module/tools/spi.go:124.117,126.22 2 0
github.com/276793422/NemesisBot/module/tools/spi.go:126.22,128.3 1 0
github.com/276793422/NemesisBot/module/tools/spi.go:129.2,130.14 2 0
github.com/276793422/NemesisBot/module/tools/spi.go:130.14,132.3 1 0
github.com/276793422/NemesisBot/module/tools/spi.go:134.2,135.42 2 0
github.com/276793422/NemesisBot/module/tools/spi.go:135.42,136.29 1 0
github.com/276793422/NemesisBot/module/tools/spi.go:136.29,138.4 1 0
github.com/276793422/NemesisBot/module/tools/spi.go:139.3,139.20 1 0
github.com/276793422/NemesisBot/module/tools/spi.go:142.2,143.41 2 0
github.com/276793422/NemesisBot/module/tools/spi.go:143.41,144.31 1 0
github.com/276793422/NemesisBot/module/tools/spi.go:144.31,146.4 1 0
github.com/276793422/NemesisBot/module/tools/spi.go:147.3,147.18 1 0
github.com/276793422/NemesisBot/module/tools/spi.go:150.2,151.41 2 0
github.com/276793422/NemesisBot/module/tools/spi.go:151.41,152.32 1 0
github.com/276793422/NemesisBot/module/tools/spi.go:152.32,154.4 1 0
github.com/276793422/NemesisBot/module/tools/spi.go:155.3,155.18 1 0
github.com/276793422/NemesisBot/module/tools/spi.go:158.2,158.35 1 0
github.com/276793422/NemesisBot/module/tools/spi_other.go:9.69,11.2 1 0
github.com/276793422/NemesisBot/module/tools/spi_other.go:14.71,16.2 1 0
github.com/276793422/NemesisBot/module/tools/subagent.go:40.127,51.2 1 1
github.com/276793422/NemesisBot/module/tools/subagent.go:55.58,59.2 3 1
github.com/276793422/NemesisBot/module/tools/subagent.go:62.52,66.2 3 1
github.com/276793422/NemesisBot/module/tools/subagent.go:68.153,91.2 8 1
github.com/276793422/NemesisBot/module/tools/subagent.go:93.101,113.9 4 1
github.com/276793422/NemesisBot/module/tools/subagent.go:114.20,119.9 5 0
github.com/276793422/NemesisBot/module/tools/subagent.go:120.10,120.10 0 1
github.com/276793422/NemesisBot/module/tools/subagent.go:124.2,142.15 8 1
github.com/276793422/NemesisBot/module/tools/subagent.go:142.15,145.39 2 1
github.com/276793422/NemesisBot/module/tools/subagent.go:145.39,147.4 1 1
github.com/276793422/NemesisBot/module/tools/subagent.go:150.2,150.16 1 1
github.com/276793422/NemesisBot/module/tools/subagent.go:150.16,154.23 3 1
github.com/276793422/NemesisBot/module/tools/subagent.go:154.23,157.4 2 1
github.com/276793422/NemesisBot/module/tools/subagent.go:158.3,165.4 1 1
github.com/276793422/NemesisBot/module/tools/subagent.go:166.8,176.3 3 1
github.com/276793422/NemesisBot/module/tools/subagent.go:179.2,179.19 1 1
github.com/276793422/NemesisBot/module/tools/subagent.go:179.19,188.3 2 0
github.com/276793422/NemesisBot/module/tools/subagent.go:191.73,196.2 4 1
github.com/276793422/NemesisBot/module/tools/subagent.go:198.56,203.32 4 1
github.com/276793422/NemesisBot/module/tools/subagent.go:203.32,205.3 1 1
github.com/276793422/NemesisBot/module/tools/subagent.go:206.2,206.14 1 1
github.com/276793422/NemesisBot/module/tools/subagent.go:218.62,224.2 1 1
github.com/276793422/NemesisBot/module/tools/subagent.go:226.38,228.2 1 1
github.com/276793422/NemesisBot/module/tools/subagent.go:230.45,232.2 1 1
github.com/276793422/NemesisBot/module/tools/subagent.go:234.60,249.2 1 1
github.com/276793422/NemesisBot/module/tools/subagent.go:251.59,254.2 2 1
github.com/276793422/NemesisBot/module/tools/subagent.go:256.94,258.9 2 1
github.com/276793422/NemesisBot/module/tools/subagent.go:258.9,260.3 1 1
github.com/276793422/NemesisBot/module/tools/subagent.go:262.2,264.22 2 1
github.com/276793422/NemesisBot/module/tools/subagent.go:264.22,266.3 1 1
github.com/276793422/NemesisBot/module/tools/subagent.go:269.2,298.16 8 1
github.com/276793422/NemesisBot/module/tools/subagent.go:298.16,300.3 1 0
github.com/276793422/NemesisBot/module/tools/subagent.go:303.2,305.35 3 1
github.com/276793422/NemesisBot/module/tools/subagent.go:305.35,307.3 1 1
github.com/276793422/NemesisBot/module/tools/subagent.go:310.2,311.20 2 1
github.com/276793422/NemesisBot/module/tools/subagent.go:311.20,313.3 1 1
github.com/276793422/NemesisBot/module/tools/subagent.go:314.2,323.3 2 1
github.com/276793422/NemesisBot/module/tools/test_helpers.go:8.38,10.2 1 1
github.com/276793422/NemesisBot/module/tools/test_helpers.go:12.36,13.43 1 1
github.com/276793422/NemesisBot/module/tools/test_helpers.go:13.43,14.35 1 1
github.com/276793422/NemesisBot/module/tools/test_helpers.go:14.35,16.4 1 1
github.com/276793422/NemesisBot/module/tools/test_helpers.go:18.2,18.11 1 1
github.com/276793422/NemesisBot/module/tools/toolloop.go:34.141,38.39 3 1
github.com/276793422/NemesisBot/module/tools/toolloop.go:38.39,49.26 4 1
github.com/276793422/NemesisBot/module/tools/toolloop.go:49.26,51.4 1 1
github.com/276793422/NemesisBot/module/tools/toolloop.go:54.3,55.21 2 1
github.com/276793422/NemesisBot/module/tools/toolloop.go:55.21,60.4 1 1
github.com/276793422/NemesisBot/module/tools/toolloop.go:63.3,64.17 2 1
github.com/276793422/NemesisBot/module/tools/toolloop.go:64.17,71.4 2 1
github.com/276793422/NemesisBot/module/tools/toolloop.go:74.3,74.35 1 1
github.com/276793422/NemesisBot/module/tools/toolloop.go:74.35,81.9 3 1
github.com/276793422/NemesisBot/module/tools/toolloop.go:85.3,86.41 2 1
github.com/276793422/NemesisBot/module/tools/toolloop.go:86.41,88.4 1 1
github.com/276793422/NemesisBot/module/tools/toolloop.go:89.3,101.41 3 1
github.com/276793422/NemesisBot/module/tools/toolloop.go:101.41,112.4 2 1
github.com/276793422/NemesisBot/module/tools/toolloop.go:113.3,116.41 2 1
github.com/276793422/NemesisBot/module/tools/toolloop.go:116.41,127.27 5 1
github.com/276793422/NemesisBot/module/tools/toolloop.go:127.27,129.5 1 1
github.com/276793422/NemesisBot/module/tools/toolloop.go:129.10,131.5 1 0
github.com/276793422/NemesisBot/module/tools/toolloop.go:134.4,134.24 1 1
github.com/276793422/NemesisBot/module/tools/toolloop.go:134.24,142.5 2 1
github.com/276793422/NemesisBot/module/tools/toolloop.go:145.4,146.52 2 1
github.com/276793422/NemesisBot/module/tools/toolloop.go:146.52,148.5 1 0
github.com/276793422/NemesisBot/module/tools/toolloop.go:151.4,156.46 2 1
github.com/276793422/NemesisBot/module/tools/toolloop.go:160.2,163.8 1 1
github.com/276793422/NemesisBot/module/tools/web.go:30.100,35.16 3 0
github.com/276793422/NemesisBot/module/tools/web.go:35.16,37.3 1 0
github.com/276793422/NemesisBot/module/tools/web.go:39.2,44.16 5 0
github.com/276793422/NemesisBot/module/tools/web.go:44.16,46.3 1 0
github.com/276793422/NemesisBot/module/tools/web.go:47.2,50.16 3 0
github.com/276793422/NemesisBot/module/tools/web.go:50.16,52.3 1 0
github.com/276793422/NemesisBot/module/tools/web.go:54.2,64.58 2 0
github.com/276793422/NemesisBot/module/tools/web.go:64.58,68.3 2 0
github.com/276793422/NemesisBot/module/tools/web.go:70.2,71.23 2 0
github.com/276793422/NemesisBot/module/tools/web.go:71.23,73.3 1 0
github.com/276793422/NemesisBot/module/tools/web.go:75.2,77.31 3 0
github.com/276793422/NemesisBot/module/tools/web.go:77.31,78.17 1 0
github.com/276793422/NemesisBot/module/tools/web.go:78.17,79.9 1 0
github.com/276793422/NemesisBot/module/tools/web.go:81.3,82.29 2 0
github.com/276793422/NemesisBot/module/tools/web.go:82.29,84.4 1 0
github.com/276793422/NemesisBot/module/tools/web.go:87.2,87.39 1 0
github.com/276793422/NemesisBot/module/tools/web.go:92.105,96.16 3 1
github.com/276793422/NemesisBot/module/tools/web.go:96.16,98.3 1 0
github.com/276793422/NemesisBot/module/tools/web.go:100.2,104.16 4 1
github.com/276793422/NemesisBot/module/tools/web.go:104.16,106.3 1 1
github.com/276793422/NemesisBot/module/tools/web.go:107.2,110.16 3 0
github.com/276793422/NemesisBot/module/tools/web.go:110.16,112.3 1 0
github.com/276793422/NemesisBot/module/tools/web.go:114.2,114.53 1 0
github.com/276793422/NemesisBot/module/tools/web.go:117.105,127.23 3 0
github.com/276793422/NemesisBot/module/tools/web.go:127.23,129.3 1 0
github.com/276793422/NemesisBot/module/tools/web.go:131.2,147.32 6 0
github.com/276793422/NemesisBot/module/tools/web.go:147.32,153.40 4 0
github.com/276793422/NemesisBot/module/tools/web.go:153.40,154.55 1 0
github.com/276793422/NemesisBot/module/tools/web.go:154.55,156.18 2 0
github.com/276793422/NemesisBot/module/tools/web.go:156.18,158.6 1 0
github.com/276793422/NemesisBot/module/tools/web.go:162.3,165.30 2 0
github.com/276793422/NemesisBot/module/tools/web.go:165.30,168.21 3 0
github.com/276793422/NemesisBot/module/tools/web.go:168.21,170.5 1 0
github.com/276793422/NemesisBot/module/tools/web.go:174.2,174.39 1 0
github.com/276793422/NemesisBot/module/tools/web.go:177.39,180.2 2 0
github.com/276793422/NemesisBot/module/tools/web.go:186.105,199.16 4 0
github.com/276793422/NemesisBot/module/tools/web.go:199.16,201.3 1 0
github.com/276793422/NemesisBot/module/tools/web.go:203.2,204.16 2 0
github.com/276793422/NemesisBot/module/tools/web.go:204.16,206.3 1 0
github.com/276793422/NemesisBot/module/tools/web.go:208.2,214.16 6 0
github.com/276793422/NemesisBot/module/tools/web.go:214.16,216.3 1 0
github.com/276793422/NemesisBot/module/tools/web.go:217.2,220.16 3 0
github.com/276793422/NemesisBot/module/tools/web.go:220.16,222.3 1 0
github.com/276793422/NemesisBot/module/tools/web.go:224.2,224.38 1 0
github.com/276793422/NemesisBot/module/tools/web.go:224.38,226.3 1 0
github.com/276793422/NemesisBot/module/tools/web.go:228.2,236.58 2 0
github.com/276793422/NemesisBot/module/tools/web.go:236.58,238.3 1 0
github.com/276793422/NemesisBot/module/tools/web.go:240.2,240.34 1 0
github.com/276793422/NemesisBot/module/tools/web.go:240.34,242.3 1 0
github.com/276793422/NemesisBot/module/tools/web.go:244.2,244.111 1 0
github.com/276793422/NemesisBot/module/tools/web.go:263.65,268.59 3 1
github.com/276793422/NemesisBot/module/tools/web.go:268.59,270.36 2 0
github.com/276793422/NemesisBot/module/tools/web.go:270.36,272.4 1 0
github.com/276793422/NemesisBot/module/tools/web.go:273.8,273.56 1 1
github.com/276793422/NemesisBot/module/tools/web.go:273.56,275.31 2 0
github.com/276793422/NemesisBot/module/tools/web.go:275.31,277.4 1 0
github.com/276793422/NemesisBot/module/tools/web.go:278.8,278.35 1 1
github.com/276793422/NemesisBot/module/tools/web.go:278.35,280.36 2 1
github.com/276793422/NemesisBot/module/tools/web.go:280.36,282.4 1 0
github.com/276793422/NemesisBot/module/tools/web.go:283.8,285.3 1 0
github.com/276793422/NemesisBot/module/tools/web.go:287.2,290.3 1 1
github.com/276793422/NemesisBot/module/tools/web.go:293.39,295.2 1 1
github.com/276793422/NemesisBot/module/tools/web.go:297.46,299.2 1 1
github.com/276793422/NemesisBot/module/tools/web.go:301.61,318.2 1 1
github.com/276793422/NemesisBot/module/tools/web.go:320.95,322.9 2 1
github.com/276793422/NemesisBot/module/tools/web.go:322.9,324.3 1 1
github.com/276793422/NemesisBot/module/tools/web.go:326.2,327.42 2 1
github.com/276793422/NemesisBot/module/tools/web.go:327.42,328.33 1 0
github.com/276793422/NemesisBot/module/tools/web.go:328.33,330.4 1 0
github.com/276793422/NemesisBot/module/tools/web.go:333.2,334.16 2 1
github.com/276793422/NemesisBot/module/tools/web.go:334.16,336.3 1 1
github.com/276793422/NemesisBot/module/tools/web.go:338.2,341.3 1 0
github.com/276793422/NemesisBot/module/tools/web.go:348.50,349.19 1 1
github.com/276793422/NemesisBot/module/tools/web.go:349.19,351.3 1 0
github.com/276793422/NemesisBot/module/tools/web.go:352.2,354.3 1 1
github.com/276793422/NemesisBot/module/tools/web.go:357.38,359.2 1 1
github.com/276793422/NemesisBot/module/tools/web.go:361.45,363.2 1 1
github.com/276793422/NemesisBot/module/tools/web.go:365.60,381.2 1 1
github.com/276793422/NemesisBot/module/tools/web.go:383.94,385.9 2 1
github.com/276793422/NemesisBot/module/tools/web.go:385.9,387.3 1 1
github.com/276793422/NemesisBot/module/tools/web.go:389.2,390.16 2 1
github.com/276793422/NemesisBot/module/tools/web.go:390.16,392.3 1 0
github.com/276793422/NemesisBot/module/tools/web.go:394.2,394.63 1 1
github.com/276793422/NemesisBot/module/tools/web.go:394.63,396.3 1 1
github.com/276793422/NemesisBot/module/tools/web.go:398.2,398.26 1 1
github.com/276793422/NemesisBot/module/tools/web.go:398.26,400.3 1 0
github.com/276793422/NemesisBot/module/tools/web.go:402.2,403.46 2 1
github.com/276793422/NemesisBot/module/tools/web.go:403.46,404.20 1 0
github.com/276793422/NemesisBot/module/tools/web.go:404.20,406.4 1 0
github.com/276793422/NemesisBot/module/tools/web.go:409.2,410.16 2 1
github.com/276793422/NemesisBot/module/tools/web.go:410.16,412.3 1 0
github.com/276793422/NemesisBot/module/tools/web.go:414.2,424.69 2 1
github.com/276793422/NemesisBot/module/tools/web.go:424.69,425.21 1 0
github.com/276793422/NemesisBot/module/tools/web.go:425.21,427.5 1 0
github.com/276793422/NemesisBot/module/tools/web.go:428.4,428.14 1 0
github.com/276793422/NemesisBot/module/tools/web.go:432.2,433.16 2 1
github.com/276793422/NemesisBot/module/tools/web.go:433.16,435.3 1 1
github.com/276793422/NemesisBot/module/tools/web.go:436.2,439.16 3 1
github.com/276793422/NemesisBot/module/tools/web.go:439.16,441.3 1 0
github.com/276793422/NemesisBot/module/tools/web.go:443.2,447.55 3 1
github.com/276793422/NemesisBot/module/tools/web.go:447.55,449.57 2 0
github.com/276793422/NemesisBot/module/tools/web.go:449.57,453.4 3 0
github.com/276793422/NemesisBot/module/tools/web.go:453.9,456.4 2 0
github.com/276793422/NemesisBot/module/tools/web.go:457.8,458.111 1 1
github.com/276793422/NemesisBot/module/tools/web.go:458.111,461.3 2 1
github.com/276793422/NemesisBot/module/tools/web.go:461.8,464.3 2 0
github.com/276793422/NemesisBot/module/tools/web.go:466.2,467.15 2 1
github.com/276793422/NemesisBot/module/tools/web.go:467.15,469.3 1 0
github.com/276793422/NemesisBot/module/tools/web.go:471.2,487.27 5 1
github.com/276793422/NemesisBot/module/tools/web.go:487.27,492.69 2 0
github.com/276793422/NemesisBot/module/tools/web.go:492.69,494.4 1 0
github.com/276793422/NemesisBot/module/tools/web.go:494.9,494.74 1 0
github.com/276793422/NemesisBot/module/tools/web.go:494.74,497.4 1 0
github.com/276793422/NemesisBot/module/tools/web.go:497.9,497.73 1 0
github.com/276793422/NemesisBot/module/tools/web.go:497.73,500.4 1 0
github.com/276793422/NemesisBot/module/tools/web.go:504.3,505.38 1 0
github.com/276793422/NemesisBot/module/tools/web.go:506.8,509.3 1 1
github.com/276793422/NemesisBot/module/tools/web.go:511.2,514.3 1 1
github.com/276793422/NemesisBot/module/tools/web.go:517.63,534.29 14 1
github.com/276793422/NemesisBot/module/tools/web.go:534.29,536.17 2 1
github.com/276793422/NemesisBot/module/tools/web.go:536.17,538.4 1 1
github.com/276793422/NemesisBot/module/tools/web.go:541.2,541.39 1 1
